The system is: Linux - 3.10.0-693.5.2.el7.x86_64 - x86_64
Compiling the C compiler identification source file "CMakeCCompilerId.c" succeeded.
Compiler: /opt/eb-pkg/ebadmin/software/GCCcore/5.4.0/bin/gcc 
Build flags: 
Id flags:  

The output was:
0


Compilation of the C compiler identification source "CMakeCCompilerId.c" produced "a.out"

The C compiler identification is GNU, found in "/users/ll00145/post_doc/gamma_sims/build/CMakeFiles/3.16.5/CompilerIdC/a.out"

Compiling the CXX compiler identification source file "CMakeCXXCompilerId.cpp" succeeded.
Compiler: /opt/eb-pkg/ebadmin/software/GCCcore/5.4.0/bin/g++ 
Build flags: 
Id flags:  

The output was:
0


Compilation of the CXX compiler identification source "CMakeCXXCompilerId.cpp" produced "a.out"

The CXX compiler identification is GNU, found in "/users/ll00145/post_doc/gamma_sims/build/CMakeFiles/3.16.5/CompilerIdCXX/a.out"

Determining if the C compiler works passed with the following output:
Change Dir: /users/ll00145/post_doc/gamma_sims/build/CMakeFiles/CMakeTmp

Run Build Command(s):/usr/bin/gmake cmTC_b84d0/fast && /usr/bin/gmake -f CMakeFiles/cmTC_b84d0.dir/build.make CMakeFiles/cmTC_b84d0.dir/build
gmake[1]: Entering directory `/users/ll00145/post_doc/gamma_sims/build/CMakeFiles/CMakeTmp'
Building C object CMakeFiles/cmTC_b84d0.dir/testCCompiler.c.o
/opt/eb-pkg/ebadmin/software/GCCcore/5.4.0/bin/gcc    -o CMakeFiles/cmTC_b84d0.dir/testCCompiler.c.o   -c /users/ll00145/post_doc/gamma_sims/build/CMakeFiles/CMakeTmp/testCCompiler.c
Linking C executable cmTC_b84d0
/opt/pkg/apps/geant4/cmake-3.16.5-Linux-x86_64/bin/cmake -E cmake_link_script CMakeFiles/cmTC_b84d0.dir/link.txt --verbose=1
/opt/eb-pkg/ebadmin/software/GCCcore/5.4.0/bin/gcc      CMakeFiles/cmTC_b84d0.dir/testCCompiler.c.o  -o cmTC_b84d0 
gmake[1]: Leaving directory `/users/ll00145/post_doc/gamma_sims/build/CMakeFiles/CMakeTmp'



Detecting C compiler ABI info compiled with the following output:
Change Dir: /users/ll00145/post_doc/gamma_sims/build/CMakeFiles/CMakeTmp

Run Build Command(s):/usr/bin/gmake cmTC_6d4b7/fast && /usr/bin/gmake -f CMakeFiles/cmTC_6d4b7.dir/build.make CMakeFiles/cmTC_6d4b7.dir/build
gmake[1]: Entering directory `/users/ll00145/post_doc/gamma_sims/build/CMakeFiles/CMakeTmp'
Building C object CMakeFiles/cmTC_6d4b7.dir/CMakeCCompilerABI.c.o
/opt/eb-pkg/ebadmin/software/GCCcore/5.4.0/bin/gcc   -v -o CMakeFiles/cmTC_6d4b7.dir/CMakeCCompilerABI.c.o   -c /opt/pkg/apps/geant4/cmake-3.16.5-Linux-x86_64/share/cmake-3.16/Modules/CMakeCCompilerABI.c
Using built-in specs.
COLLECT_GCC=/opt/eb-pkg/ebadmin/software/GCCcore/5.4.0/bin/gcc
Target: x86_64-unknown-linux-gnu
Configured with: ../configure --enable-languages=c,c++,fortran --enable-lto --enable-checking=release --disable-multilib --enable-shared=yes --enable-static=yes --enable-threads=posix --enable-gold=default --enable-plugins --enable-ld --with-plugin-ld=ld.gold --prefix=/opt/eb-pkg/ebadmin/software/GCCcore/5.4.0 --with-local-prefix=/opt/eb-pkg/ebadmin/software/GCCcore/5.4.0 --enable-bootstrap --with-isl=/opt/eb-pkg/ebadmin/build/GCCcore/5.4.0/dummy-/gcc-5.4.0/stage2_stuff
Thread model: posix
gcc version 5.4.0 (GCC) 
COLLECT_GCC_OPTIONS='-v' '-o' 'CMakeFiles/cmTC_6d4b7.dir/CMakeCCompilerABI.c.o' '-c' '-mtune=generic' '-march=x86-64'
 /opt/eb-pkg/ebadmin/software/GCCcore/5.4.0/libexec/gcc/x86_64-unknown-linux-gnu/5.4.0/cc1 -quiet -v /opt/pkg/apps/geant4/cmake-3.16.5-Linux-x86_64/share/cmake-3.16/Modules/CMakeCCompilerABI.c -quiet -dumpbase CMakeCCompilerABI.c -mtune=generic -march=x86-64 -auxbase-strip CMakeFiles/cmTC_6d4b7.dir/CMakeCCompilerABI.c.o -version -o /tmp/ccHWSFRk.s
GNU C11 (GCC) version 5.4.0 (x86_64-unknown-linux-gnu)
	compiled by GNU C version 5.4.0, GMP version 6.1.0, MPFR version 3.1.4-p3, MPC version 1.0.3
GGC heuristics: --param ggc-min-expand=100 --param ggc-min-heapsize=131072
ignoring nonexistent directory "/opt/eb-pkg/ebadmin/software/GCCcore/5.4.0/lib/gcc/x86_64-unknown-linux-gnu/5.4.0/../../../../x86_64-unknown-linux-gnu/include"
ignoring nonexistent directory "/opt/pkg/apps/geant4/10.7/include64"
ignoring duplicate directory "/opt/eb-pkg/ebadmin/software/GCCcore/5.4.0/include"
  as it is a non-system directory that duplicates a system directory
#include "..." search starts here:
#include <...> search starts here:
 /opt/eb-pkg/ebadmin/software/expat/2.2.0-foss-2016b/include
 /opt/eb-pkg/ebadmin/software/ScaLAPACK/2.0.2-gompi-2016b-OpenBLAS-0.2.18-LAPACK-3.6.1/include
 /opt/eb-pkg/ebadmin/software/FFTW/3.3.4-gompi-2016b/include
 /opt/eb-pkg/ebadmin/software/OpenBLAS/0.2.18-GCC-5.4.0-2.26-LAPACK-3.6.1/include
 /opt/eb-pkg/ebadmin/software/OpenMPI/1.10.3-GCC-5.4.0-2.26/include
 /opt/eb-pkg/ebadmin/software/hwloc/1.11.3-GCC-5.4.0-2.26/include
 /opt/eb-pkg/ebadmin/software/numactl/2.0.11-GCC-5.4.0-2.26/include
 /opt/eb-pkg/ebadmin/software/binutils/2.26-GCCcore-5.4.0/include
 /opt/eb-pkg/ebadmin/software/GCCcore/5.4.0/lib/gcc/x86_64-unknown-linux-gnu/5.4.0/include
 /opt/eb-pkg/ebadmin/software/GCCcore/5.4.0/include
 /opt/eb-pkg/ebadmin/software/GCCcore/5.4.0/lib/gcc/x86_64-unknown-linux-gnu/5.4.0/include-fixed
 /usr/include
End of search list.
GNU C11 (GCC) version 5.4.0 (x86_64-unknown-linux-gnu)
	compiled by GNU C version 5.4.0, GMP version 6.1.0, MPFR version 3.1.4-p3, MPC version 1.0.3
GGC heuristics: --param ggc-min-expand=100 --param ggc-min-heapsize=131072
Compiler executable checksum: dceb776b5bd389f53b482716131b6020
COLLECT_GCC_OPTIONS='-v' '-o' 'CMakeFiles/cmTC_6d4b7.dir/CMakeCCompilerABI.c.o' '-c' '-mtune=generic' '-march=x86-64'
 as -v --64 -o CMakeFiles/cmTC_6d4b7.dir/CMakeCCompilerABI.c.o /tmp/ccHWSFRk.s
GNU assembler version 2.26 (x86_64-pc-linux-gnu) using BFD version (GNU Binutils) 2.26.20160125
COMPILER_PATH=/opt/eb-pkg/ebadmin/software/GCCcore/5.4.0/libexec/gcc/x86_64-unknown-linux-gnu/5.4.0/:/opt/eb-pkg/ebadmin/software/GCCcore/5.4.0/libexec/gcc/x86_64-unknown-linux-gnu/5.4.0/:/opt/eb-pkg/ebadmin/software/GCCcore/5.4.0/libexec/gcc/x86_64-unknown-linux-gnu/:/opt/eb-pkg/ebadmin/software/GCCcore/5.4.0/lib/gcc/x86_64-unknown-linux-gnu/5.4.0/:/opt/eb-pkg/ebadmin/software/GCCcore/5.4.0/lib/gcc/x86_64-unknown-linux-gnu/
LIBRARY_PATH=/opt/eb-pkg/ebadmin/software/GCCcore/5.4.0/lib64/../lib64/:/opt/eb-pkg/ebadmin/software/GCCcore/5.4.0/lib/../lib64/:/opt/eb-pkg/ebadmin/software/GCCcore/5.4.0/lib/gcc/x86_64-unknown-linux-gnu/5.4.0/:/opt/eb-pkg/ebadmin/software/GCCcore/5.4.0/lib/gcc/x86_64-unknown-linux-gnu/5.4.0/../../../../lib64/:/lib/../lib64/:/usr/lib/../lib64/:/opt/eb-pkg/ebadmin/software/expat/2.2.0-foss-2016b/lib/:/opt/eb-pkg/ebadmin/software/ScaLAPACK/2.0.2-gompi-2016b-OpenBLAS-0.2.18-LAPACK-3.6.1/lib/:/opt/eb-pkg/ebadmin/software/FFTW/3.3.4-gompi-2016b/lib/:/opt/eb-pkg/ebadmin/software/OpenBLAS/0.2.18-GCC-5.4.0-2.26-LAPACK-3.6.1/lib/:/opt/eb-pkg/ebadmin/software/OpenMPI/1.10.3-GCC-5.4.0-2.26/lib/:/opt/eb-pkg/ebadmin/software/hwloc/1.11.3-GCC-5.4.0-2.26/lib/:/opt/eb-pkg/ebadmin/software/numactl/2.0.11-GCC-5.4.0-2.26/lib/:/opt/eb-pkg/ebadmin/software/binutils/2.26-GCCcore-5.4.0/lib/:/opt/eb-pkg/ebadmin/software/GCCcore/5.4.0/lib64/:/opt/eb-pkg/ebadmin/software/GCCcore/5.4.0/lib/:/opt/eb-pkg/ebadmin/software/GCCcore/5.4.0/lib/gcc/x86_64-unknown-linux-gnu/5.4.0/../../../:/lib/:/usr/lib/
COLLECT_GCC_OPTIONS='-v' '-o' 'CMakeFiles/cmTC_6d4b7.dir/CMakeCCompilerABI.c.o' '-c' '-mtune=generic' '-march=x86-64'
Linking C executable cmTC_6d4b7
/opt/pkg/apps/geant4/cmake-3.16.5-Linux-x86_64/bin/cmake -E cmake_link_script CMakeFiles/cmTC_6d4b7.dir/link.txt --verbose=1
/opt/eb-pkg/ebadmin/software/GCCcore/5.4.0/bin/gcc     -v CMakeFiles/cmTC_6d4b7.dir/CMakeCCompilerABI.c.o  -o cmTC_6d4b7 
Using built-in specs.
COLLECT_GCC=/opt/eb-pkg/ebadmin/software/GCCcore/5.4.0/bin/gcc
COLLECT_LTO_WRAPPER=/opt/eb-pkg/ebadmin/software/GCCcore/5.4.0/libexec/gcc/x86_64-unknown-linux-gnu/5.4.0/lto-wrapper
Target: x86_64-unknown-linux-gnu
Configured with: ../configure --enable-languages=c,c++,fortran --enable-lto --enable-checking=release --disable-multilib --enable-shared=yes --enable-static=yes --enable-threads=posix --enable-gold=default --enable-plugins --enable-ld --with-plugin-ld=ld.gold --prefix=/opt/eb-pkg/ebadmin/software/GCCcore/5.4.0 --with-local-prefix=/opt/eb-pkg/ebadmin/software/GCCcore/5.4.0 --enable-bootstrap --with-isl=/opt/eb-pkg/ebadmin/build/GCCcore/5.4.0/dummy-/gcc-5.4.0/stage2_stuff
Thread model: posix
gcc version 5.4.0 (GCC) 
COMPILER_PATH=/opt/eb-pkg/ebadmin/software/GCCcore/5.4.0/libexec/gcc/x86_64-unknown-linux-gnu/5.4.0/:/opt/eb-pkg/ebadmin/software/GCCcore/5.4.0/libexec/gcc/x86_64-unknown-linux-gnu/5.4.0/:/opt/eb-pkg/ebadmin/software/GCCcore/5.4.0/libexec/gcc/x86_64-unknown-linux-gnu/:/opt/eb-pkg/ebadmin/software/GCCcore/5.4.0/lib/gcc/x86_64-unknown-linux-gnu/5.4.0/:/opt/eb-pkg/ebadmin/software/GCCcore/5.4.0/lib/gcc/x86_64-unknown-linux-gnu/
LIBRARY_PATH=/opt/eb-pkg/ebadmin/software/GCCcore/5.4.0/lib64/../lib64/:/opt/eb-pkg/ebadmin/software/GCCcore/5.4.0/lib/../lib64/:/opt/eb-pkg/ebadmin/software/GCCcore/5.4.0/lib/gcc/x86_64-unknown-linux-gnu/5.4.0/:/opt/eb-pkg/ebadmin/software/GCCcore/5.4.0/lib/gcc/x86_64-unknown-linux-gnu/5.4.0/../../../../lib64/:/lib/../lib64/:/usr/lib/../lib64/:/opt/eb-pkg/ebadmin/software/expat/2.2.0-foss-2016b/lib/:/opt/eb-pkg/ebadmin/software/ScaLAPACK/2.0.2-gompi-2016b-OpenBLAS-0.2.18-LAPACK-3.6.1/lib/:/opt/eb-pkg/ebadmin/software/FFTW/3.3.4-gompi-2016b/lib/:/opt/eb-pkg/ebadmin/software/OpenBLAS/0.2.18-GCC-5.4.0-2.26-LAPACK-3.6.1/lib/:/opt/eb-pkg/ebadmin/software/OpenMPI/1.10.3-GCC-5.4.0-2.26/lib/:/opt/eb-pkg/ebadmin/software/hwloc/1.11.3-GCC-5.4.0-2.26/lib/:/opt/eb-pkg/ebadmin/software/numactl/2.0.11-GCC-5.4.0-2.26/lib/:/opt/eb-pkg/ebadmin/software/binutils/2.26-GCCcore-5.4.0/lib/:/opt/eb-pkg/ebadmin/software/GCCcore/5.4.0/lib64/:/opt/eb-pkg/ebadmin/software/GCCcore/5.4.0/lib/:/opt/eb-pkg/ebadmin/software/GCCcore/5.4.0/lib/gcc/x86_64-unknown-linux-gnu/5.4.0/../../../:/lib/:/usr/lib/
COLLECT_GCC_OPTIONS='-v' '-o' 'cmTC_6d4b7' '-mtune=generic' '-march=x86-64'
 /opt/eb-pkg/ebadmin/software/GCCcore/5.4.0/libexec/gcc/x86_64-unknown-linux-gnu/5.4.0/collect2 -plugin /opt/eb-pkg/ebadmin/software/GCCcore/5.4.0/libexec/gcc/x86_64-unknown-linux-gnu/5.4.0/liblto_plugin.so -plugin-opt=/opt/eb-pkg/ebadmin/software/GCCcore/5.4.0/libexec/gcc/x86_64-unknown-linux-gnu/5.4.0/lto-wrapper -plugin-opt=-fresolution=/tmp/ccEF9XIn.res -plugin-opt=-pass-through=-lgcc -plugin-opt=-pass-through=-lgcc_s -plugin-opt=-pass-through=-lc -plugin-opt=-pass-through=-lgcc -plugin-opt=-pass-through=-lgcc_s --eh-frame-hdr -m elf_x86_64 -dynamic-linker /lib64/ld-linux-x86-64.so.2 -o cmTC_6d4b7 /lib/../lib64/crt1.o /lib/../lib64/crti.o /opt/eb-pkg/ebadmin/software/GCCcore/5.4.0/lib/gcc/x86_64-unknown-linux-gnu/5.4.0/crtbegin.o -L/opt/eb-pkg/ebadmin/software/GCCcore/5.4.0/lib64/../lib64 -L/opt/eb-pkg/ebadmin/software/GCCcore/5.4.0/lib/../lib64 -L/opt/eb-pkg/ebadmin/software/GCCcore/5.4.0/lib/gcc/x86_64-unknown-linux-gnu/5.4.0 -L/opt/eb-pkg/ebadmin/software/GCCcore/5.4.0/lib/gcc/x86_64-unknown-linux-gnu/5.4.0/../../../../lib64 -L/lib/../lib64 -L/usr/lib/../lib64 -L/opt/eb-pkg/ebadmin/software/expat/2.2.0-foss-2016b/lib -L/opt/eb-pkg/ebadmin/software/ScaLAPACK/2.0.2-gompi-2016b-OpenBLAS-0.2.18-LAPACK-3.6.1/lib -L/opt/eb-pkg/ebadmin/software/FFTW/3.3.4-gompi-2016b/lib -L/opt/eb-pkg/ebadmin/software/OpenBLAS/0.2.18-GCC-5.4.0-2.26-LAPACK-3.6.1/lib -L/opt/eb-pkg/ebadmin/software/OpenMPI/1.10.3-GCC-5.4.0-2.26/lib -L/opt/eb-pkg/ebadmin/software/hwloc/1.11.3-GCC-5.4.0-2.26/lib -L/opt/eb-pkg/ebadmin/software/numactl/2.0.11-GCC-5.4.0-2.26/lib -L/opt/eb-pkg/ebadmin/software/binutils/2.26-GCCcore-5.4.0/lib -L/opt/eb-pkg/ebadmin/software/GCCcore/5.4.0/lib64 -L/opt/eb-pkg/ebadmin/software/GCCcore/5.4.0/lib -L/opt/eb-pkg/ebadmin/software/GCCcore/5.4.0/lib/gcc/x86_64-unknown-linux-gnu/5.4.0/../../.. CMakeFiles/cmTC_6d4b7.dir/CMakeCCompilerABI.c.o -lgcc --as-needed -lgcc_s --no-as-needed -lc -lgcc --as-needed -lgcc_s --no-as-needed /opt/eb-pkg/ebadmin/software/GCCcore/5.4.0/lib/gcc/x86_64-unknown-linux-gnu/5.4.0/crtend.o /lib/../lib64/crtn.o
gmake[1]: Leaving directory `/users/ll00145/post_doc/gamma_sims/build/CMakeFiles/CMakeTmp'



Parsed C implicit include dir info from above output: rv=done
  found start of include info
  found start of implicit include info
    add: [/opt/eb-pkg/ebadmin/software/expat/2.2.0-foss-2016b/include]
    add: [/opt/eb-pkg/ebadmin/software/ScaLAPACK/2.0.2-gompi-2016b-OpenBLAS-0.2.18-LAPACK-3.6.1/include]
    add: [/opt/eb-pkg/ebadmin/software/FFTW/3.3.4-gompi-2016b/include]
    add: [/opt/eb-pkg/ebadmin/software/OpenBLAS/0.2.18-GCC-5.4.0-2.26-LAPACK-3.6.1/include]
    add: [/opt/eb-pkg/ebadmin/software/OpenMPI/1.10.3-GCC-5.4.0-2.26/include]
    add: [/opt/eb-pkg/ebadmin/software/hwloc/1.11.3-GCC-5.4.0-2.26/include]
    add: [/opt/eb-pkg/ebadmin/software/numactl/2.0.11-GCC-5.4.0-2.26/include]
    add: [/opt/eb-pkg/ebadmin/software/binutils/2.26-GCCcore-5.4.0/include]
    add: [/opt/eb-pkg/ebadmin/software/GCCcore/5.4.0/lib/gcc/x86_64-unknown-linux-gnu/5.4.0/include]
    add: [/opt/eb-pkg/ebadmin/software/GCCcore/5.4.0/include]
    add: [/opt/eb-pkg/ebadmin/software/GCCcore/5.4.0/lib/gcc/x86_64-unknown-linux-gnu/5.4.0/include-fixed]
    add: [/usr/include]
  end of search list found
  collapse include dir [/opt/eb-pkg/ebadmin/software/expat/2.2.0-foss-2016b/include] ==> [/opt/eb-pkg/ebadmin/software/expat/2.2.0-foss-2016b/include]
  collapse include dir [/opt/eb-pkg/ebadmin/software/ScaLAPACK/2.0.2-gompi-2016b-OpenBLAS-0.2.18-LAPACK-3.6.1/include] ==> [/opt/eb-pkg/ebadmin/software/ScaLAPACK/2.0.2-gompi-2016b-OpenBLAS-0.2.18-LAPACK-3.6.1/include]
  collapse include dir [/opt/eb-pkg/ebadmin/software/FFTW/3.3.4-gompi-2016b/include] ==> [/opt/eb-pkg/ebadmin/software/FFTW/3.3.4-gompi-2016b/include]
  collapse include dir [/opt/eb-pkg/ebadmin/software/OpenBLAS/0.2.18-GCC-5.4.0-2.26-LAPACK-3.6.1/include] ==> [/opt/eb-pkg/ebadmin/software/OpenBLAS/0.2.18-GCC-5.4.0-2.26-LAPACK-3.6.1/include]
  collapse include dir [/opt/eb-pkg/ebadmin/software/OpenMPI/1.10.3-GCC-5.4.0-2.26/include] ==> [/opt/eb-pkg/ebadmin/software/OpenMPI/1.10.3-GCC-5.4.0-2.26/include]
  collapse include dir [/opt/eb-pkg/ebadmin/software/hwloc/1.11.3-GCC-5.4.0-2.26/include] ==> [/opt/eb-pkg/ebadmin/software/hwloc/1.11.3-GCC-5.4.0-2.26/include]
  collapse include dir [/opt/eb-pkg/ebadmin/software/numactl/2.0.11-GCC-5.4.0-2.26/include] ==> [/opt/eb-pkg/ebadmin/software/numactl/2.0.11-GCC-5.4.0-2.26/include]
  collapse include dir [/opt/eb-pkg/ebadmin/software/binutils/2.26-GCCcore-5.4.0/include] ==> [/opt/eb-pkg/ebadmin/software/binutils/2.26-GCCcore-5.4.0/include]
  collapse include dir [/opt/eb-pkg/ebadmin/software/GCCcore/5.4.0/lib/gcc/x86_64-unknown-linux-gnu/5.4.0/include] ==> [/opt/eb-pkg/ebadmin/software/GCCcore/5.4.0/lib/gcc/x86_64-unknown-linux-gnu/5.4.0/include]
  collapse include dir [/opt/eb-pkg/ebadmin/software/GCCcore/5.4.0/include] ==> [/opt/eb-pkg/ebadmin/software/GCCcore/5.4.0/include]
  collapse include dir [/opt/eb-pkg/ebadmin/software/GCCcore/5.4.0/lib/gcc/x86_64-unknown-linux-gnu/5.4.0/include-fixed] ==> [/opt/eb-pkg/ebadmin/software/GCCcore/5.4.0/lib/gcc/x86_64-unknown-linux-gnu/5.4.0/include-fixed]
  collapse include dir [/usr/include] ==> [/usr/include]
  implicit include dirs: [/opt/eb-pkg/ebadmin/software/expat/2.2.0-foss-2016b/include;/opt/eb-pkg/ebadmin/software/ScaLAPACK/2.0.2-gompi-2016b-OpenBLAS-0.2.18-LAPACK-3.6.1/include;/opt/eb-pkg/ebadmin/software/FFTW/3.3.4-gompi-2016b/include;/opt/eb-pkg/ebadmin/software/OpenBLAS/0.2.18-GCC-5.4.0-2.26-LAPACK-3.6.1/include;/opt/eb-pkg/ebadmin/software/OpenMPI/1.10.3-GCC-5.4.0-2.26/include;/opt/eb-pkg/ebadmin/software/hwloc/1.11.3-GCC-5.4.0-2.26/include;/opt/eb-pkg/ebadmin/software/numactl/2.0.11-GCC-5.4.0-2.26/include;/opt/eb-pkg/ebadmin/software/binutils/2.26-GCCcore-5.4.0/include;/opt/eb-pkg/ebadmin/software/GCCcore/5.4.0/lib/gcc/x86_64-unknown-linux-gnu/5.4.0/include;/opt/eb-pkg/ebadmin/software/GCCcore/5.4.0/include;/opt/eb-pkg/ebadmin/software/GCCcore/5.4.0/lib/gcc/x86_64-unknown-linux-gnu/5.4.0/include-fixed;/usr/include]


Parsed C implicit link information from above output:
  link line regex: [^( *|.*[/\])(ld|CMAKE_LINK_STARTFILE-NOTFOUND|([^/\]+-)?ld|collect2)[^/\]*( |$)]
  ignore line: [Change Dir: /users/ll00145/post_doc/gamma_sims/build/CMakeFiles/CMakeTmp]
  ignore line: []
  ignore line: [Run Build Command(s):/usr/bin/gmake cmTC_6d4b7/fast && /usr/bin/gmake -f CMakeFiles/cmTC_6d4b7.dir/build.make CMakeFiles/cmTC_6d4b7.dir/build]
  ignore line: [gmake[1]: Entering directory `/users/ll00145/post_doc/gamma_sims/build/CMakeFiles/CMakeTmp']
  ignore line: [Building C object CMakeFiles/cmTC_6d4b7.dir/CMakeCCompilerABI.c.o]
  ignore line: [/opt/eb-pkg/ebadmin/software/GCCcore/5.4.0/bin/gcc   -v -o CMakeFiles/cmTC_6d4b7.dir/CMakeCCompilerABI.c.o   -c /opt/pkg/apps/geant4/cmake-3.16.5-Linux-x86_64/share/cmake-3.16/Modules/CMakeCCompilerABI.c]
  ignore line: [Using built-in specs.]
  ignore line: [COLLECT_GCC=/opt/eb-pkg/ebadmin/software/GCCcore/5.4.0/bin/gcc]
  ignore line: [Target: x86_64-unknown-linux-gnu]
  ignore line: [Configured with: ../configure --enable-languages=c,c++,fortran --enable-lto --enable-checking=release --disable-multilib --enable-shared=yes --enable-static=yes --enable-threads=posix --enable-gold=default --enable-plugins --enable-ld --with-plugin-ld=ld.gold --prefix=/opt/eb-pkg/ebadmin/software/GCCcore/5.4.0 --with-local-prefix=/opt/eb-pkg/ebadmin/software/GCCcore/5.4.0 --enable-bootstrap --with-isl=/opt/eb-pkg/ebadmin/build/GCCcore/5.4.0/dummy-/gcc-5.4.0/stage2_stuff]
  ignore line: [Thread model: posix]
  ignore line: [gcc version 5.4.0 (GCC) ]
  ignore line: [COLLECT_GCC_OPTIONS='-v' '-o' 'CMakeFiles/cmTC_6d4b7.dir/CMakeCCompilerABI.c.o' '-c' '-mtune=generic' '-march=x86-64']
  ignore line: [ /opt/eb-pkg/ebadmin/software/GCCcore/5.4.0/libexec/gcc/x86_64-unknown-linux-gnu/5.4.0/cc1 -quiet -v /opt/pkg/apps/geant4/cmake-3.16.5-Linux-x86_64/share/cmake-3.16/Modules/CMakeCCompilerABI.c -quiet -dumpbase CMakeCCompilerABI.c -mtune=generic -march=x86-64 -auxbase-strip CMakeFiles/cmTC_6d4b7.dir/CMakeCCompilerABI.c.o -version -o /tmp/ccHWSFRk.s]
  ignore line: [GNU C11 (GCC) version 5.4.0 (x86_64-unknown-linux-gnu)]
  ignore line: [	compiled by GNU C version 5.4.0  GMP version 6.1.0  MPFR version 3.1.4-p3  MPC version 1.0.3]
  ignore line: [GGC heuristics: --param ggc-min-expand=100 --param ggc-min-heapsize=131072]
  ignore line: [ignoring nonexistent directory "/opt/eb-pkg/ebadmin/software/GCCcore/5.4.0/lib/gcc/x86_64-unknown-linux-gnu/5.4.0/../../../../x86_64-unknown-linux-gnu/include"]
  ignore line: [ignoring nonexistent directory "/opt/pkg/apps/geant4/10.7/include64"]
  ignore line: [ignoring duplicate directory "/opt/eb-pkg/ebadmin/software/GCCcore/5.4.0/include"]
  ignore line: [  as it is a non-system directory that duplicates a system directory]
  ignore line: [#include "..." search starts here:]
  ignore line: [#include <...> search starts here:]
  ignore line: [ /opt/eb-pkg/ebadmin/software/expat/2.2.0-foss-2016b/include]
  ignore line: [ /opt/eb-pkg/ebadmin/software/ScaLAPACK/2.0.2-gompi-2016b-OpenBLAS-0.2.18-LAPACK-3.6.1/include]
  ignore line: [ /opt/eb-pkg/ebadmin/software/FFTW/3.3.4-gompi-2016b/include]
  ignore line: [ /opt/eb-pkg/ebadmin/software/OpenBLAS/0.2.18-GCC-5.4.0-2.26-LAPACK-3.6.1/include]
  ignore line: [ /opt/eb-pkg/ebadmin/software/OpenMPI/1.10.3-GCC-5.4.0-2.26/include]
  ignore line: [ /opt/eb-pkg/ebadmin/software/hwloc/1.11.3-GCC-5.4.0-2.26/include]
  ignore line: [ /opt/eb-pkg/ebadmin/software/numactl/2.0.11-GCC-5.4.0-2.26/include]
  ignore line: [ /opt/eb-pkg/ebadmin/software/binutils/2.26-GCCcore-5.4.0/include]
  ignore line: [ /opt/eb-pkg/ebadmin/software/GCCcore/5.4.0/lib/gcc/x86_64-unknown-linux-gnu/5.4.0/include]
  ignore line: [ /opt/eb-pkg/ebadmin/software/GCCcore/5.4.0/include]
  ignore line: [ /opt/eb-pkg/ebadmin/software/GCCcore/5.4.0/lib/gcc/x86_64-unknown-linux-gnu/5.4.0/include-fixed]
  ignore line: [ /usr/include]
  ignore line: [End of search list.]
  ignore line: [GNU C11 (GCC) version 5.4.0 (x86_64-unknown-linux-gnu)]
  ignore line: [	compiled by GNU C version 5.4.0  GMP version 6.1.0  MPFR version 3.1.4-p3  MPC version 1.0.3]
  ignore line: [GGC heuristics: --param ggc-min-expand=100 --param ggc-min-heapsize=131072]
  ignore line: [Compiler executable checksum: dceb776b5bd389f53b482716131b6020]
  ignore line: [COLLECT_GCC_OPTIONS='-v' '-o' 'CMakeFiles/cmTC_6d4b7.dir/CMakeCCompilerABI.c.o' '-c' '-mtune=generic' '-march=x86-64']
  ignore line: [ as -v --64 -o CMakeFiles/cmTC_6d4b7.dir/CMakeCCompilerABI.c.o /tmp/ccHWSFRk.s]
  ignore line: [GNU assembler version 2.26 (x86_64-pc-linux-gnu) using BFD version (GNU Binutils) 2.26.20160125]
  ignore line: [COMPILER_PATH=/opt/eb-pkg/ebadmin/software/GCCcore/5.4.0/libexec/gcc/x86_64-unknown-linux-gnu/5.4.0/:/opt/eb-pkg/ebadmin/software/GCCcore/5.4.0/libexec/gcc/x86_64-unknown-linux-gnu/5.4.0/:/opt/eb-pkg/ebadmin/software/GCCcore/5.4.0/libexec/gcc/x86_64-unknown-linux-gnu/:/opt/eb-pkg/ebadmin/software/GCCcore/5.4.0/lib/gcc/x86_64-unknown-linux-gnu/5.4.0/:/opt/eb-pkg/ebadmin/software/GCCcore/5.4.0/lib/gcc/x86_64-unknown-linux-gnu/]
  ignore line: [LIBRARY_PATH=/opt/eb-pkg/ebadmin/software/GCCcore/5.4.0/lib64/../lib64/:/opt/eb-pkg/ebadmin/software/GCCcore/5.4.0/lib/../lib64/:/opt/eb-pkg/ebadmin/software/GCCcore/5.4.0/lib/gcc/x86_64-unknown-linux-gnu/5.4.0/:/opt/eb-pkg/ebadmin/software/GCCcore/5.4.0/lib/gcc/x86_64-unknown-linux-gnu/5.4.0/../../../../lib64/:/lib/../lib64/:/usr/lib/../lib64/:/opt/eb-pkg/ebadmin/software/expat/2.2.0-foss-2016b/lib/:/opt/eb-pkg/ebadmin/software/ScaLAPACK/2.0.2-gompi-2016b-OpenBLAS-0.2.18-LAPACK-3.6.1/lib/:/opt/eb-pkg/ebadmin/software/FFTW/3.3.4-gompi-2016b/lib/:/opt/eb-pkg/ebadmin/software/OpenBLAS/0.2.18-GCC-5.4.0-2.26-LAPACK-3.6.1/lib/:/opt/eb-pkg/ebadmin/software/OpenMPI/1.10.3-GCC-5.4.0-2.26/lib/:/opt/eb-pkg/ebadmin/software/hwloc/1.11.3-GCC-5.4.0-2.26/lib/:/opt/eb-pkg/ebadmin/software/numactl/2.0.11-GCC-5.4.0-2.26/lib/:/opt/eb-pkg/ebadmin/software/binutils/2.26-GCCcore-5.4.0/lib/:/opt/eb-pkg/ebadmin/software/GCCcore/5.4.0/lib64/:/opt/eb-pkg/ebadmin/software/GCCcore/5.4.0/lib/:/opt/eb-pkg/ebadmin/software/GCCcore/5.4.0/lib/gcc/x86_64-unknown-linux-gnu/5.4.0/../../../:/lib/:/usr/lib/]
  ignore line: [COLLECT_GCC_OPTIONS='-v' '-o' 'CMakeFiles/cmTC_6d4b7.dir/CMakeCCompilerABI.c.o' '-c' '-mtune=generic' '-march=x86-64']
  ignore line: [Linking C executable cmTC_6d4b7]
  ignore line: [/opt/pkg/apps/geant4/cmake-3.16.5-Linux-x86_64/bin/cmake -E cmake_link_script CMakeFiles/cmTC_6d4b7.dir/link.txt --verbose=1]
  ignore line: [/opt/eb-pkg/ebadmin/software/GCCcore/5.4.0/bin/gcc     -v CMakeFiles/cmTC_6d4b7.dir/CMakeCCompilerABI.c.o  -o cmTC_6d4b7 ]
  ignore line: [Using built-in specs.]
  ignore line: [COLLECT_GCC=/opt/eb-pkg/ebadmin/software/GCCcore/5.4.0/bin/gcc]
  ignore line: [COLLECT_LTO_WRAPPER=/opt/eb-pkg/ebadmin/software/GCCcore/5.4.0/libexec/gcc/x86_64-unknown-linux-gnu/5.4.0/lto-wrapper]
  ignore line: [Target: x86_64-unknown-linux-gnu]
  ignore line: [Configured with: ../configure --enable-languages=c,c++,fortran --enable-lto --enable-checking=release --disable-multilib --enable-shared=yes --enable-static=yes --enable-threads=posix --enable-gold=default --enable-plugins --enable-ld --with-plugin-ld=ld.gold --prefix=/opt/eb-pkg/ebadmin/software/GCCcore/5.4.0 --with-local-prefix=/opt/eb-pkg/ebadmin/software/GCCcore/5.4.0 --enable-bootstrap --with-isl=/opt/eb-pkg/ebadmin/build/GCCcore/5.4.0/dummy-/gcc-5.4.0/stage2_stuff]
  ignore line: [Thread model: posix]
  ignore line: [gcc version 5.4.0 (GCC) ]
  ignore line: [COMPILER_PATH=/opt/eb-pkg/ebadmin/software/GCCcore/5.4.0/libexec/gcc/x86_64-unknown-linux-gnu/5.4.0/:/opt/eb-pkg/ebadmin/software/GCCcore/5.4.0/libexec/gcc/x86_64-unknown-linux-gnu/5.4.0/:/opt/eb-pkg/ebadmin/software/GCCcore/5.4.0/libexec/gcc/x86_64-unknown-linux-gnu/:/opt/eb-pkg/ebadmin/software/GCCcore/5.4.0/lib/gcc/x86_64-unknown-linux-gnu/5.4.0/:/opt/eb-pkg/ebadmin/software/GCCcore/5.4.0/lib/gcc/x86_64-unknown-linux-gnu/]
  ignore line: [LIBRARY_PATH=/opt/eb-pkg/ebadmin/software/GCCcore/5.4.0/lib64/../lib64/:/opt/eb-pkg/ebadmin/software/GCCcore/5.4.0/lib/../lib64/:/opt/eb-pkg/ebadmin/software/GCCcore/5.4.0/lib/gcc/x86_64-unknown-linux-gnu/5.4.0/:/opt/eb-pkg/ebadmin/software/GCCcore/5.4.0/lib/gcc/x86_64-unknown-linux-gnu/5.4.0/../../../../lib64/:/lib/../lib64/:/usr/lib/../lib64/:/opt/eb-pkg/ebadmin/software/expat/2.2.0-foss-2016b/lib/:/opt/eb-pkg/ebadmin/software/ScaLAPACK/2.0.2-gompi-2016b-OpenBLAS-0.2.18-LAPACK-3.6.1/lib/:/opt/eb-pkg/ebadmin/software/FFTW/3.3.4-gompi-2016b/lib/:/opt/eb-pkg/ebadmin/software/OpenBLAS/0.2.18-GCC-5.4.0-2.26-LAPACK-3.6.1/lib/:/opt/eb-pkg/ebadmin/software/OpenMPI/1.10.3-GCC-5.4.0-2.26/lib/:/opt/eb-pkg/ebadmin/software/hwloc/1.11.3-GCC-5.4.0-2.26/lib/:/opt/eb-pkg/ebadmin/software/numactl/2.0.11-GCC-5.4.0-2.26/lib/:/opt/eb-pkg/ebadmin/software/binutils/2.26-GCCcore-5.4.0/lib/:/opt/eb-pkg/ebadmin/software/GCCcore/5.4.0/lib64/:/opt/eb-pkg/ebadmin/software/GCCcore/5.4.0/lib/:/opt/eb-pkg/ebadmin/software/GCCcore/5.4.0/lib/gcc/x86_64-unknown-linux-gnu/5.4.0/../../../:/lib/:/usr/lib/]
  ignore line: [COLLECT_GCC_OPTIONS='-v' '-o' 'cmTC_6d4b7' '-mtune=generic' '-march=x86-64']
  link line: [ /opt/eb-pkg/ebadmin/software/GCCcore/5.4.0/libexec/gcc/x86_64-unknown-linux-gnu/5.4.0/collect2 -plugin /opt/eb-pkg/ebadmin/software/GCCcore/5.4.0/libexec/gcc/x86_64-unknown-linux-gnu/5.4.0/liblto_plugin.so -plugin-opt=/opt/eb-pkg/ebadmin/software/GCCcore/5.4.0/libexec/gcc/x86_64-unknown-linux-gnu/5.4.0/lto-wrapper -plugin-opt=-fresolution=/tmp/ccEF9XIn.res -plugin-opt=-pass-through=-lgcc -plugin-opt=-pass-through=-lgcc_s -plugin-opt=-pass-through=-lc -plugin-opt=-pass-through=-lgcc -plugin-opt=-pass-through=-lgcc_s --eh-frame-hdr -m elf_x86_64 -dynamic-linker /lib64/ld-linux-x86-64.so.2 -o cmTC_6d4b7 /lib/../lib64/crt1.o /lib/../lib64/crti.o /opt/eb-pkg/ebadmin/software/GCCcore/5.4.0/lib/gcc/x86_64-unknown-linux-gnu/5.4.0/crtbegin.o -L/opt/eb-pkg/ebadmin/software/GCCcore/5.4.0/lib64/../lib64 -L/opt/eb-pkg/ebadmin/software/GCCcore/5.4.0/lib/../lib64 -L/opt/eb-pkg/ebadmin/software/GCCcore/5.4.0/lib/gcc/x86_64-unknown-linux-gnu/5.4.0 -L/opt/eb-pkg/ebadmin/software/GCCcore/5.4.0/lib/gcc/x86_64-unknown-linux-gnu/5.4.0/../../../../lib64 -L/lib/../lib64 -L/usr/lib/../lib64 -L/opt/eb-pkg/ebadmin/software/expat/2.2.0-foss-2016b/lib -L/opt/eb-pkg/ebadmin/software/ScaLAPACK/2.0.2-gompi-2016b-OpenBLAS-0.2.18-LAPACK-3.6.1/lib -L/opt/eb-pkg/ebadmin/software/FFTW/3.3.4-gompi-2016b/lib -L/opt/eb-pkg/ebadmin/software/OpenBLAS/0.2.18-GCC-5.4.0-2.26-LAPACK-3.6.1/lib -L/opt/eb-pkg/ebadmin/software/OpenMPI/1.10.3-GCC-5.4.0-2.26/lib -L/opt/eb-pkg/ebadmin/software/hwloc/1.11.3-GCC-5.4.0-2.26/lib -L/opt/eb-pkg/ebadmin/software/numactl/2.0.11-GCC-5.4.0-2.26/lib -L/opt/eb-pkg/ebadmin/software/binutils/2.26-GCCcore-5.4.0/lib -L/opt/eb-pkg/ebadmin/software/GCCcore/5.4.0/lib64 -L/opt/eb-pkg/ebadmin/software/GCCcore/5.4.0/lib -L/opt/eb-pkg/ebadmin/software/GCCcore/5.4.0/lib/gcc/x86_64-unknown-linux-gnu/5.4.0/../../.. CMakeFiles/cmTC_6d4b7.dir/CMakeCCompilerABI.c.o -lgcc --as-needed -lgcc_s --no-as-needed -lc -lgcc --as-needed -lgcc_s --no-as-needed /opt/eb-pkg/ebadmin/software/GCCcore/5.4.0/lib/gcc/x86_64-unknown-linux-gnu/5.4.0/crtend.o /lib/../lib64/crtn.o]
    arg [/opt/eb-pkg/ebadmin/software/GCCcore/5.4.0/libexec/gcc/x86_64-unknown-linux-gnu/5.4.0/collect2] ==> ignore
    arg [-plugin] ==> ignore
    arg [/opt/eb-pkg/ebadmin/software/GCCcore/5.4.0/libexec/gcc/x86_64-unknown-linux-gnu/5.4.0/liblto_plugin.so] ==> ignore
    arg [-plugin-opt=/opt/eb-pkg/ebadmin/software/GCCcore/5.4.0/libexec/gcc/x86_64-unknown-linux-gnu/5.4.0/lto-wrapper] ==> ignore
    arg [-plugin-opt=-fresolution=/tmp/ccEF9XIn.res] ==> ignore
    arg [-plugin-opt=-pass-through=-lgcc] ==> ignore
    arg [-plugin-opt=-pass-through=-lgcc_s] ==> ignore
    arg [-plugin-opt=-pass-through=-lc] ==> ignore
    arg [-plugin-opt=-pass-through=-lgcc] ==> ignore
    arg [-plugin-opt=-pass-through=-lgcc_s] ==> ignore
    arg [--eh-frame-hdr] ==> ignore
    arg [-m] ==> ignore
    arg [elf_x86_64] ==> ignore
    arg [-dynamic-linker] ==> ignore
    arg [/lib64/ld-linux-x86-64.so.2] ==> ignore
    arg [-o] ==> ignore
    arg [cmTC_6d4b7] ==> ignore
    arg [/lib/../lib64/crt1.o] ==> ignore
    arg [/lib/../lib64/crti.o] ==> ignore
    arg [/opt/eb-pkg/ebadmin/software/GCCcore/5.4.0/lib/gcc/x86_64-unknown-linux-gnu/5.4.0/crtbegin.o] ==> ignore
    arg [-L/opt/eb-pkg/ebadmin/software/GCCcore/5.4.0/lib64/../lib64] ==> dir [/opt/eb-pkg/ebadmin/software/GCCcore/5.4.0/lib64/../lib64]
    arg [-L/opt/eb-pkg/ebadmin/software/GCCcore/5.4.0/lib/../lib64] ==> dir [/opt/eb-pkg/ebadmin/software/GCCcore/5.4.0/lib/../lib64]
    arg [-L/opt/eb-pkg/ebadmin/software/GCCcore/5.4.0/lib/gcc/x86_64-unknown-linux-gnu/5.4.0] ==> dir [/opt/eb-pkg/ebadmin/software/GCCcore/5.4.0/lib/gcc/x86_64-unknown-linux-gnu/5.4.0]
    arg [-L/opt/eb-pkg/ebadmin/software/GCCcore/5.4.0/lib/gcc/x86_64-unknown-linux-gnu/5.4.0/../../../../lib64] ==> dir [/opt/eb-pkg/ebadmin/software/GCCcore/5.4.0/lib/gcc/x86_64-unknown-linux-gnu/5.4.0/../../../../lib64]
    arg [-L/lib/../lib64] ==> dir [/lib/../lib64]
    arg [-L/usr/lib/../lib64] ==> dir [/usr/lib/../lib64]
    arg [-L/opt/eb-pkg/ebadmin/software/expat/2.2.0-foss-2016b/lib] ==> dir [/opt/eb-pkg/ebadmin/software/expat/2.2.0-foss-2016b/lib]
    arg [-L/opt/eb-pkg/ebadmin/software/ScaLAPACK/2.0.2-gompi-2016b-OpenBLAS-0.2.18-LAPACK-3.6.1/lib] ==> dir [/opt/eb-pkg/ebadmin/software/ScaLAPACK/2.0.2-gompi-2016b-OpenBLAS-0.2.18-LAPACK-3.6.1/lib]
    arg [-L/opt/eb-pkg/ebadmin/software/FFTW/3.3.4-gompi-2016b/lib] ==> dir [/opt/eb-pkg/ebadmin/software/FFTW/3.3.4-gompi-2016b/lib]
    arg [-L/opt/eb-pkg/ebadmin/software/OpenBLAS/0.2.18-GCC-5.4.0-2.26-LAPACK-3.6.1/lib] ==> dir [/opt/eb-pkg/ebadmin/software/OpenBLAS/0.2.18-GCC-5.4.0-2.26-LAPACK-3.6.1/lib]
    arg [-L/opt/eb-pkg/ebadmin/software/OpenMPI/1.10.3-GCC-5.4.0-2.26/lib] ==> dir [/opt/eb-pkg/ebadmin/software/OpenMPI/1.10.3-GCC-5.4.0-2.26/lib]
    arg [-L/opt/eb-pkg/ebadmin/software/hwloc/1.11.3-GCC-5.4.0-2.26/lib] ==> dir [/opt/eb-pkg/ebadmin/software/hwloc/1.11.3-GCC-5.4.0-2.26/lib]
    arg [-L/opt/eb-pkg/ebadmin/software/numactl/2.0.11-GCC-5.4.0-2.26/lib] ==> dir [/opt/eb-pkg/ebadmin/software/numactl/2.0.11-GCC-5.4.0-2.26/lib]
    arg [-L/opt/eb-pkg/ebadmin/software/binutils/2.26-GCCcore-5.4.0/lib] ==> dir [/opt/eb-pkg/ebadmin/software/binutils/2.26-GCCcore-5.4.0/lib]
    arg [-L/opt/eb-pkg/ebadmin/software/GCCcore/5.4.0/lib64] ==> dir [/opt/eb-pkg/ebadmin/software/GCCcore/5.4.0/lib64]
    arg [-L/opt/eb-pkg/ebadmin/software/GCCcore/5.4.0/lib] ==> dir [/opt/eb-pkg/ebadmin/software/GCCcore/5.4.0/lib]
    arg [-L/opt/eb-pkg/ebadmin/software/GCCcore/5.4.0/lib/gcc/x86_64-unknown-linux-gnu/5.4.0/../../..] ==> dir [/opt/eb-pkg/ebadmin/software/GCCcore/5.4.0/lib/gcc/x86_64-unknown-linux-gnu/5.4.0/../../..]
    arg [CMakeFiles/cmTC_6d4b7.dir/CMakeCCompilerABI.c.o] ==> ignore
    arg [-lgcc] ==> lib [gcc]
    arg [--as-needed] ==> ignore
    arg [-lgcc_s] ==> lib [gcc_s]
    arg [--no-as-needed] ==> ignore
    arg [-lc] ==> lib [c]
    arg [-lgcc] ==> lib [gcc]
    arg [--as-needed] ==> ignore
    arg [-lgcc_s] ==> lib [gcc_s]
    arg [--no-as-needed] ==> ignore
    arg [/opt/eb-pkg/ebadmin/software/GCCcore/5.4.0/lib/gcc/x86_64-unknown-linux-gnu/5.4.0/crtend.o] ==> ignore
    arg [/lib/../lib64/crtn.o] ==> ignore
  collapse library dir [/opt/eb-pkg/ebadmin/software/GCCcore/5.4.0/lib64/../lib64] ==> [/opt/eb-pkg/ebadmin/software/GCCcore/5.4.0/lib64]
  collapse library dir [/opt/eb-pkg/ebadmin/software/GCCcore/5.4.0/lib/../lib64] ==> [/opt/eb-pkg/ebadmin/software/GCCcore/5.4.0/lib64]
  collapse library dir [/opt/eb-pkg/ebadmin/software/GCCcore/5.4.0/lib/gcc/x86_64-unknown-linux-gnu/5.4.0] ==> [/opt/eb-pkg/ebadmin/software/GCCcore/5.4.0/lib/gcc/x86_64-unknown-linux-gnu/5.4.0]
  collapse library dir [/opt/eb-pkg/ebadmin/software/GCCcore/5.4.0/lib/gcc/x86_64-unknown-linux-gnu/5.4.0/../../../../lib64] ==> [/opt/eb-pkg/ebadmin/software/GCCcore/5.4.0/lib64]
  collapse library dir [/lib/../lib64] ==> [/lib64]
  collapse library dir [/usr/lib/../lib64] ==> [/usr/lib64]
  collapse library dir [/opt/eb-pkg/ebadmin/software/expat/2.2.0-foss-2016b/lib] ==> [/opt/eb-pkg/ebadmin/software/expat/2.2.0-foss-2016b/lib]
  collapse library dir [/opt/eb-pkg/ebadmin/software/ScaLAPACK/2.0.2-gompi-2016b-OpenBLAS-0.2.18-LAPACK-3.6.1/lib] ==> [/opt/eb-pkg/ebadmin/software/ScaLAPACK/2.0.2-gompi-2016b-OpenBLAS-0.2.18-LAPACK-3.6.1/lib]
  collapse library dir [/opt/eb-pkg/ebadmin/software/FFTW/3.3.4-gompi-2016b/lib] ==> [/opt/eb-pkg/ebadmin/software/FFTW/3.3.4-gompi-2016b/lib]
  collapse library dir [/opt/eb-pkg/ebadmin/software/OpenBLAS/0.2.18-GCC-5.4.0-2.26-LAPACK-3.6.1/lib] ==> [/opt/eb-pkg/ebadmin/software/OpenBLAS/0.2.18-GCC-5.4.0-2.26-LAPACK-3.6.1/lib]
  collapse library dir [/opt/eb-pkg/ebadmin/software/OpenMPI/1.10.3-GCC-5.4.0-2.26/lib] ==> [/opt/eb-pkg/ebadmin/software/OpenMPI/1.10.3-GCC-5.4.0-2.26/lib]
  collapse library dir [/opt/eb-pkg/ebadmin/software/hwloc/1.11.3-GCC-5.4.0-2.26/lib] ==> [/opt/eb-pkg/ebadmin/software/hwloc/1.11.3-GCC-5.4.0-2.26/lib]
  collapse library dir [/opt/eb-pkg/ebadmin/software/numactl/2.0.11-GCC-5.4.0-2.26/lib] ==> [/opt/eb-pkg/ebadmin/software/numactl/2.0.11-GCC-5.4.0-2.26/lib]
  collapse library dir [/opt/eb-pkg/ebadmin/software/binutils/2.26-GCCcore-5.4.0/lib] ==> [/opt/eb-pkg/ebadmin/software/binutils/2.26-GCCcore-5.4.0/lib]
  collapse library dir [/opt/eb-pkg/ebadmin/software/GCCcore/5.4.0/lib64] ==> [/opt/eb-pkg/ebadmin/software/GCCcore/5.4.0/lib64]
  collapse library dir [/opt/eb-pkg/ebadmin/software/GCCcore/5.4.0/lib] ==> [/opt/eb-pkg/ebadmin/software/GCCcore/5.4.0/lib]
  collapse library dir [/opt/eb-pkg/ebadmin/software/GCCcore/5.4.0/lib/gcc/x86_64-unknown-linux-gnu/5.4.0/../../..] ==> [/opt/eb-pkg/ebadmin/software/GCCcore/5.4.0/lib]
  implicit libs: [gcc;gcc_s;c;gcc;gcc_s]
  implicit dirs: [/opt/eb-pkg/ebadmin/software/GCCcore/5.4.0/lib64;/opt/eb-pkg/ebadmin/software/GCCcore/5.4.0/lib/gcc/x86_64-unknown-linux-gnu/5.4.0;/lib64;/usr/lib64;/opt/eb-pkg/ebadmin/software/expat/2.2.0-foss-2016b/lib;/opt/eb-pkg/ebadmin/software/ScaLAPACK/2.0.2-gompi-2016b-OpenBLAS-0.2.18-LAPACK-3.6.1/lib;/opt/eb-pkg/ebadmin/software/FFTW/3.3.4-gompi-2016b/lib;/opt/eb-pkg/ebadmin/software/OpenBLAS/0.2.18-GCC-5.4.0-2.26-LAPACK-3.6.1/lib;/opt/eb-pkg/ebadmin/software/OpenMPI/1.10.3-GCC-5.4.0-2.26/lib;/opt/eb-pkg/ebadmin/software/hwloc/1.11.3-GCC-5.4.0-2.26/lib;/opt/eb-pkg/ebadmin/software/numactl/2.0.11-GCC-5.4.0-2.26/lib;/opt/eb-pkg/ebadmin/software/binutils/2.26-GCCcore-5.4.0/lib;/opt/eb-pkg/ebadmin/software/GCCcore/5.4.0/lib]
  implicit fwks: []


Determining if the CXX compiler works passed with the following output:
Change Dir: /users/ll00145/post_doc/gamma_sims/build/CMakeFiles/CMakeTmp

Run Build Command(s):/usr/bin/gmake cmTC_513c5/fast && /usr/bin/gmake -f CMakeFiles/cmTC_513c5.dir/build.make CMakeFiles/cmTC_513c5.dir/build
gmake[1]: Entering directory `/users/ll00145/post_doc/gamma_sims/build/CMakeFiles/CMakeTmp'
Building CXX object CMakeFiles/cmTC_513c5.dir/testCXXCompiler.cxx.o
/opt/eb-pkg/ebadmin/software/GCCcore/5.4.0/bin/g++     -o CMakeFiles/cmTC_513c5.dir/testCXXCompiler.cxx.o -c /users/ll00145/post_doc/gamma_sims/build/CMakeFiles/CMakeTmp/testCXXCompiler.cxx
Linking CXX executable cmTC_513c5
/opt/pkg/apps/geant4/cmake-3.16.5-Linux-x86_64/bin/cmake -E cmake_link_script CMakeFiles/cmTC_513c5.dir/link.txt --verbose=1
/opt/eb-pkg/ebadmin/software/GCCcore/5.4.0/bin/g++       CMakeFiles/cmTC_513c5.dir/testCXXCompiler.cxx.o  -o cmTC_513c5 
gmake[1]: Leaving directory `/users/ll00145/post_doc/gamma_sims/build/CMakeFiles/CMakeTmp'



Detecting CXX compiler ABI info compiled with the following output:
Change Dir: /users/ll00145/post_doc/gamma_sims/build/CMakeFiles/CMakeTmp

Run Build Command(s):/usr/bin/gmake cmTC_26781/fast && /usr/bin/gmake -f CMakeFiles/cmTC_26781.dir/build.make CMakeFiles/cmTC_26781.dir/build
gmake[1]: Entering directory `/users/ll00145/post_doc/gamma_sims/build/CMakeFiles/CMakeTmp'
Building CXX object CMakeFiles/cmTC_26781.dir/CMakeCXXCompilerABI.cpp.o
/opt/eb-pkg/ebadmin/software/GCCcore/5.4.0/bin/g++    -v -o CMakeFiles/cmTC_26781.dir/CMakeCXXCompilerABI.cpp.o -c /opt/pkg/apps/geant4/cmake-3.16.5-Linux-x86_64/share/cmake-3.16/Modules/CMakeCXXCompilerABI.cpp
Using built-in specs.
COLLECT_GCC=/opt/eb-pkg/ebadmin/software/GCCcore/5.4.0/bin/g++
Target: x86_64-unknown-linux-gnu
Configured with: ../configure --enable-languages=c,c++,fortran --enable-lto --enable-checking=release --disable-multilib --enable-shared=yes --enable-static=yes --enable-threads=posix --enable-gold=default --enable-plugins --enable-ld --with-plugin-ld=ld.gold --prefix=/opt/eb-pkg/ebadmin/software/GCCcore/5.4.0 --with-local-prefix=/opt/eb-pkg/ebadmin/software/GCCcore/5.4.0 --enable-bootstrap --with-isl=/opt/eb-pkg/ebadmin/build/GCCcore/5.4.0/dummy-/gcc-5.4.0/stage2_stuff
Thread model: posix
gcc version 5.4.0 (GCC) 
COLLECT_GCC_OPTIONS='-v' '-o' 'CMakeFiles/cmTC_26781.dir/CMakeCXXCompilerABI.cpp.o' '-c' '-shared-libgcc' '-mtune=generic' '-march=x86-64'
 /opt/eb-pkg/ebadmin/software/GCCcore/5.4.0/libexec/gcc/x86_64-unknown-linux-gnu/5.4.0/cc1plus -quiet -v -D_GNU_SOURCE /opt/pkg/apps/geant4/cmake-3.16.5-Linux-x86_64/share/cmake-3.16/Modules/CMakeCXXCompilerABI.cpp -quiet -dumpbase CMakeCXXCompilerABI.cpp -mtune=generic -march=x86-64 -auxbase-strip CMakeFiles/cmTC_26781.dir/CMakeCXXCompilerABI.cpp.o -version -o /tmp/cckk8jmC.s
GNU C++ (GCC) version 5.4.0 (x86_64-unknown-linux-gnu)
	compiled by GNU C version 5.4.0, GMP version 6.1.0, MPFR version 3.1.4-p3, MPC version 1.0.3
GGC heuristics: --param ggc-min-expand=100 --param ggc-min-heapsize=131072
ignoring nonexistent directory "/opt/eb-pkg/ebadmin/software/GCCcore/5.4.0/lib/gcc/x86_64-unknown-linux-gnu/5.4.0/../../../../x86_64-unknown-linux-gnu/include"
ignoring nonexistent directory "/opt/pkg/apps/geant4/10.7/include64"
ignoring duplicate directory "/opt/eb-pkg/ebadmin/software/GCCcore/5.4.0/include"
  as it is a non-system directory that duplicates a system directory
#include "..." search starts here:
#include <...> search starts here:
 /opt/eb-pkg/ebadmin/software/expat/2.2.0-foss-2016b/include
 /opt/eb-pkg/ebadmin/software/ScaLAPACK/2.0.2-gompi-2016b-OpenBLAS-0.2.18-LAPACK-3.6.1/include
 /opt/eb-pkg/ebadmin/software/FFTW/3.3.4-gompi-2016b/include
 /opt/eb-pkg/ebadmin/software/OpenBLAS/0.2.18-GCC-5.4.0-2.26-LAPACK-3.6.1/include
 /opt/eb-pkg/ebadmin/software/OpenMPI/1.10.3-GCC-5.4.0-2.26/include
 /opt/eb-pkg/ebadmin/software/hwloc/1.11.3-GCC-5.4.0-2.26/include
 /opt/eb-pkg/ebadmin/software/numactl/2.0.11-GCC-5.4.0-2.26/include
 /opt/eb-pkg/ebadmin/software/binutils/2.26-GCCcore-5.4.0/include
 /opt/eb-pkg/ebadmin/software/GCCcore/5.4.0/lib/gcc/x86_64-unknown-linux-gnu/5.4.0/../../../../include/c++/5.4.0
 /opt/eb-pkg/ebadmin/software/GCCcore/5.4.0/lib/gcc/x86_64-unknown-linux-gnu/5.4.0/../../../../include/c++/5.4.0/x86_64-unknown-linux-gnu
 /opt/eb-pkg/ebadmin/software/GCCcore/5.4.0/lib/gcc/x86_64-unknown-linux-gnu/5.4.0/../../../../include/c++/5.4.0/backward
 /opt/eb-pkg/ebadmin/software/GCCcore/5.4.0/lib/gcc/x86_64-unknown-linux-gnu/5.4.0/include
 /opt/eb-pkg/ebadmin/software/GCCcore/5.4.0/include
 /opt/eb-pkg/ebadmin/software/GCCcore/5.4.0/lib/gcc/x86_64-unknown-linux-gnu/5.4.0/include-fixed
 /usr/include
End of search list.
GNU C++ (GCC) version 5.4.0 (x86_64-unknown-linux-gnu)
	compiled by GNU C version 5.4.0, GMP version 6.1.0, MPFR version 3.1.4-p3, MPC version 1.0.3
GGC heuristics: --param ggc-min-expand=100 --param ggc-min-heapsize=131072
Compiler executable checksum: c041d130480efde0911055695aecd050
COLLECT_GCC_OPTIONS='-v' '-o' 'CMakeFiles/cmTC_26781.dir/CMakeCXXCompilerABI.cpp.o' '-c' '-shared-libgcc' '-mtune=generic' '-march=x86-64'
 as -v --64 -o CMakeFiles/cmTC_26781.dir/CMakeCXXCompilerABI.cpp.o /tmp/cckk8jmC.s
GNU assembler version 2.26 (x86_64-pc-linux-gnu) using BFD version (GNU Binutils) 2.26.20160125
COMPILER_PATH=/opt/eb-pkg/ebadmin/software/GCCcore/5.4.0/libexec/gcc/x86_64-unknown-linux-gnu/5.4.0/:/opt/eb-pkg/ebadmin/software/GCCcore/5.4.0/libexec/gcc/x86_64-unknown-linux-gnu/5.4.0/:/opt/eb-pkg/ebadmin/software/GCCcore/5.4.0/libexec/gcc/x86_64-unknown-linux-gnu/:/opt/eb-pkg/ebadmin/software/GCCcore/5.4.0/lib/gcc/x86_64-unknown-linux-gnu/5.4.0/:/opt/eb-pkg/ebadmin/software/GCCcore/5.4.0/lib/gcc/x86_64-unknown-linux-gnu/
LIBRARY_PATH=/opt/eb-pkg/ebadmin/software/GCCcore/5.4.0/lib64/../lib64/:/opt/eb-pkg/ebadmin/software/GCCcore/5.4.0/lib/../lib64/:/opt/eb-pkg/ebadmin/software/GCCcore/5.4.0/lib/gcc/x86_64-unknown-linux-gnu/5.4.0/:/opt/eb-pkg/ebadmin/software/GCCcore/5.4.0/lib/gcc/x86_64-unknown-linux-gnu/5.4.0/../../../../lib64/:/lib/../lib64/:/usr/lib/../lib64/:/opt/eb-pkg/ebadmin/software/expat/2.2.0-foss-2016b/lib/:/opt/eb-pkg/ebadmin/software/ScaLAPACK/2.0.2-gompi-2016b-OpenBLAS-0.2.18-LAPACK-3.6.1/lib/:/opt/eb-pkg/ebadmin/software/FFTW/3.3.4-gompi-2016b/lib/:/opt/eb-pkg/ebadmin/software/OpenBLAS/0.2.18-GCC-5.4.0-2.26-LAPACK-3.6.1/lib/:/opt/eb-pkg/ebadmin/software/OpenMPI/1.10.3-GCC-5.4.0-2.26/lib/:/opt/eb-pkg/ebadmin/software/hwloc/1.11.3-GCC-5.4.0-2.26/lib/:/opt/eb-pkg/ebadmin/software/numactl/2.0.11-GCC-5.4.0-2.26/lib/:/opt/eb-pkg/ebadmin/software/binutils/2.26-GCCcore-5.4.0/lib/:/opt/eb-pkg/ebadmin/software/GCCcore/5.4.0/lib64/:/opt/eb-pkg/ebadmin/software/GCCcore/5.4.0/lib/:/opt/eb-pkg/ebadmin/software/GCCcore/5.4.0/lib/gcc/x86_64-unknown-linux-gnu/5.4.0/../../../:/lib/:/usr/lib/
COLLECT_GCC_OPTIONS='-v' '-o' 'CMakeFiles/cmTC_26781.dir/CMakeCXXCompilerABI.cpp.o' '-c' '-shared-libgcc' '-mtune=generic' '-march=x86-64'
Linking CXX executable cmTC_26781
/opt/pkg/apps/geant4/cmake-3.16.5-Linux-x86_64/bin/cmake -E cmake_link_script CMakeFiles/cmTC_26781.dir/link.txt --verbose=1
/opt/eb-pkg/ebadmin/software/GCCcore/5.4.0/bin/g++      -v CMakeFiles/cmTC_26781.dir/CMakeCXXCompilerABI.cpp.o  -o cmTC_26781 
Using built-in specs.
COLLECT_GCC=/opt/eb-pkg/ebadmin/software/GCCcore/5.4.0/bin/g++
COLLECT_LTO_WRAPPER=/opt/eb-pkg/ebadmin/software/GCCcore/5.4.0/libexec/gcc/x86_64-unknown-linux-gnu/5.4.0/lto-wrapper
Target: x86_64-unknown-linux-gnu
Configured with: ../configure --enable-languages=c,c++,fortran --enable-lto --enable-checking=release --disable-multilib --enable-shared=yes --enable-static=yes --enable-threads=posix --enable-gold=default --enable-plugins --enable-ld --with-plugin-ld=ld.gold --prefix=/opt/eb-pkg/ebadmin/software/GCCcore/5.4.0 --with-local-prefix=/opt/eb-pkg/ebadmin/software/GCCcore/5.4.0 --enable-bootstrap --with-isl=/opt/eb-pkg/ebadmin/build/GCCcore/5.4.0/dummy-/gcc-5.4.0/stage2_stuff
Thread model: posix
gcc version 5.4.0 (GCC) 
COMPILER_PATH=/opt/eb-pkg/ebadmin/software/GCCcore/5.4.0/libexec/gcc/x86_64-unknown-linux-gnu/5.4.0/:/opt/eb-pkg/ebadmin/software/GCCcore/5.4.0/libexec/gcc/x86_64-unknown-linux-gnu/5.4.0/:/opt/eb-pkg/ebadmin/software/GCCcore/5.4.0/libexec/gcc/x86_64-unknown-linux-gnu/:/opt/eb-pkg/ebadmin/software/GCCcore/5.4.0/lib/gcc/x86_64-unknown-linux-gnu/5.4.0/:/opt/eb-pkg/ebadmin/software/GCCcore/5.4.0/lib/gcc/x86_64-unknown-linux-gnu/
LIBRARY_PATH=/opt/eb-pkg/ebadmin/software/GCCcore/5.4.0/lib64/../lib64/:/opt/eb-pkg/ebadmin/software/GCCcore/5.4.0/lib/../lib64/:/opt/eb-pkg/ebadmin/software/GCCcore/5.4.0/lib/gcc/x86_64-unknown-linux-gnu/5.4.0/:/opt/eb-pkg/ebadmin/software/GCCcore/5.4.0/lib/gcc/x86_64-unknown-linux-gnu/5.4.0/../../../../lib64/:/lib/../lib64/:/usr/lib/../lib64/:/opt/eb-pkg/ebadmin/software/expat/2.2.0-foss-2016b/lib/:/opt/eb-pkg/ebadmin/software/ScaLAPACK/2.0.2-gompi-2016b-OpenBLAS-0.2.18-LAPACK-3.6.1/lib/:/opt/eb-pkg/ebadmin/software/FFTW/3.3.4-gompi-2016b/lib/:/opt/eb-pkg/ebadmin/software/OpenBLAS/0.2.18-GCC-5.4.0-2.26-LAPACK-3.6.1/lib/:/opt/eb-pkg/ebadmin/software/OpenMPI/1.10.3-GCC-5.4.0-2.26/lib/:/opt/eb-pkg/ebadmin/software/hwloc/1.11.3-GCC-5.4.0-2.26/lib/:/opt/eb-pkg/ebadmin/software/numactl/2.0.11-GCC-5.4.0-2.26/lib/:/opt/eb-pkg/ebadmin/software/binutils/2.26-GCCcore-5.4.0/lib/:/opt/eb-pkg/ebadmin/software/GCCcore/5.4.0/lib64/:/opt/eb-pkg/ebadmin/software/GCCcore/5.4.0/lib/:/opt/eb-pkg/ebadmin/software/GCCcore/5.4.0/lib/gcc/x86_64-unknown-linux-gnu/5.4.0/../../../:/lib/:/usr/lib/
COLLECT_GCC_OPTIONS='-v' '-o' 'cmTC_26781' '-shared-libgcc' '-mtune=generic' '-march=x86-64'
 /opt/eb-pkg/ebadmin/software/GCCcore/5.4.0/libexec/gcc/x86_64-unknown-linux-gnu/5.4.0/collect2 -plugin /opt/eb-pkg/ebadmin/software/GCCcore/5.4.0/libexec/gcc/x86_64-unknown-linux-gnu/5.4.0/liblto_plugin.so -plugin-opt=/opt/eb-pkg/ebadmin/software/GCCcore/5.4.0/libexec/gcc/x86_64-unknown-linux-gnu/5.4.0/lto-wrapper -plugin-opt=-fresolution=/tmp/ccptLWtF.res -plugin-opt=-pass-through=-lgcc_s -plugin-opt=-pass-through=-lgcc -plugin-opt=-pass-through=-lc -plugin-opt=-pass-through=-lgcc_s -plugin-opt=-pass-through=-lgcc --eh-frame-hdr -m elf_x86_64 -dynamic-linker /lib64/ld-linux-x86-64.so.2 -o cmTC_26781 /lib/../lib64/crt1.o /lib/../lib64/crti.o /opt/eb-pkg/ebadmin/software/GCCcore/5.4.0/lib/gcc/x86_64-unknown-linux-gnu/5.4.0/crtbegin.o -L/opt/eb-pkg/ebadmin/software/GCCcore/5.4.0/lib64/../lib64 -L/opt/eb-pkg/ebadmin/software/GCCcore/5.4.0/lib/../lib64 -L/opt/eb-pkg/ebadmin/software/GCCcore/5.4.0/lib/gcc/x86_64-unknown-linux-gnu/5.4.0 -L/opt/eb-pkg/ebadmin/software/GCCcore/5.4.0/lib/gcc/x86_64-unknown-linux-gnu/5.4.0/../../../../lib64 -L/lib/../lib64 -L/usr/lib/../lib64 -L/opt/eb-pkg/ebadmin/software/expat/2.2.0-foss-2016b/lib -L/opt/eb-pkg/ebadmin/software/ScaLAPACK/2.0.2-gompi-2016b-OpenBLAS-0.2.18-LAPACK-3.6.1/lib -L/opt/eb-pkg/ebadmin/software/FFTW/3.3.4-gompi-2016b/lib -L/opt/eb-pkg/ebadmin/software/OpenBLAS/0.2.18-GCC-5.4.0-2.26-LAPACK-3.6.1/lib -L/opt/eb-pkg/ebadmin/software/OpenMPI/1.10.3-GCC-5.4.0-2.26/lib -L/opt/eb-pkg/ebadmin/software/hwloc/1.11.3-GCC-5.4.0-2.26/lib -L/opt/eb-pkg/ebadmin/software/numactl/2.0.11-GCC-5.4.0-2.26/lib -L/opt/eb-pkg/ebadmin/software/binutils/2.26-GCCcore-5.4.0/lib -L/opt/eb-pkg/ebadmin/software/GCCcore/5.4.0/lib64 -L/opt/eb-pkg/ebadmin/software/GCCcore/5.4.0/lib -L/opt/eb-pkg/ebadmin/software/GCCcore/5.4.0/lib/gcc/x86_64-unknown-linux-gnu/5.4.0/../../.. CMakeFiles/cmTC_26781.dir/CMakeCXXCompilerABI.cpp.o -lstdc++ -lm -lgcc_s -lgcc -lc -lgcc_s -lgcc /opt/eb-pkg/ebadmin/software/GCCcore/5.4.0/lib/gcc/x86_64-unknown-linux-gnu/5.4.0/crtend.o /lib/../lib64/crtn.o
gmake[1]: Leaving directory `/users/ll00145/post_doc/gamma_sims/build/CMakeFiles/CMakeTmp'



Parsed CXX implicit include dir info from above output: rv=done
  found start of include info
  found start of implicit include info
    add: [/opt/eb-pkg/ebadmin/software/expat/2.2.0-foss-2016b/include]
    add: [/opt/eb-pkg/ebadmin/software/ScaLAPACK/2.0.2-gompi-2016b-OpenBLAS-0.2.18-LAPACK-3.6.1/include]
    add: [/opt/eb-pkg/ebadmin/software/FFTW/3.3.4-gompi-2016b/include]
    add: [/opt/eb-pkg/ebadmin/software/OpenBLAS/0.2.18-GCC-5.4.0-2.26-LAPACK-3.6.1/include]
    add: [/opt/eb-pkg/ebadmin/software/OpenMPI/1.10.3-GCC-5.4.0-2.26/include]
    add: [/opt/eb-pkg/ebadmin/software/hwloc/1.11.3-GCC-5.4.0-2.26/include]
    add: [/opt/eb-pkg/ebadmin/software/numactl/2.0.11-GCC-5.4.0-2.26/include]
    add: [/opt/eb-pkg/ebadmin/software/binutils/2.26-GCCcore-5.4.0/include]
    add: [/opt/eb-pkg/ebadmin/software/GCCcore/5.4.0/lib/gcc/x86_64-unknown-linux-gnu/5.4.0/../../../../include/c++/5.4.0]
    add: [/opt/eb-pkg/ebadmin/software/GCCcore/5.4.0/lib/gcc/x86_64-unknown-linux-gnu/5.4.0/../../../../include/c++/5.4.0/x86_64-unknown-linux-gnu]
    add: [/opt/eb-pkg/ebadmin/software/GCCcore/5.4.0/lib/gcc/x86_64-unknown-linux-gnu/5.4.0/../../../../include/c++/5.4.0/backward]
    add: [/opt/eb-pkg/ebadmin/software/GCCcore/5.4.0/lib/gcc/x86_64-unknown-linux-gnu/5.4.0/include]
    add: [/opt/eb-pkg/ebadmin/software/GCCcore/5.4.0/include]
    add: [/opt/eb-pkg/ebadmin/software/GCCcore/5.4.0/lib/gcc/x86_64-unknown-linux-gnu/5.4.0/include-fixed]
    add: [/usr/include]
  end of search list found
  collapse include dir [/opt/eb-pkg/ebadmin/software/expat/2.2.0-foss-2016b/include] ==> [/opt/eb-pkg/ebadmin/software/expat/2.2.0-foss-2016b/include]
  collapse include dir [/opt/eb-pkg/ebadmin/software/ScaLAPACK/2.0.2-gompi-2016b-OpenBLAS-0.2.18-LAPACK-3.6.1/include] ==> [/opt/eb-pkg/ebadmin/software/ScaLAPACK/2.0.2-gompi-2016b-OpenBLAS-0.2.18-LAPACK-3.6.1/include]
  collapse include dir [/opt/eb-pkg/ebadmin/software/FFTW/3.3.4-gompi-2016b/include] ==> [/opt/eb-pkg/ebadmin/software/FFTW/3.3.4-gompi-2016b/include]
  collapse include dir [/opt/eb-pkg/ebadmin/software/OpenBLAS/0.2.18-GCC-5.4.0-2.26-LAPACK-3.6.1/include] ==> [/opt/eb-pkg/ebadmin/software/OpenBLAS/0.2.18-GCC-5.4.0-2.26-LAPACK-3.6.1/include]
  collapse include dir [/opt/eb-pkg/ebadmin/software/OpenMPI/1.10.3-GCC-5.4.0-2.26/include] ==> [/opt/eb-pkg/ebadmin/software/OpenMPI/1.10.3-GCC-5.4.0-2.26/include]
  collapse include dir [/opt/eb-pkg/ebadmin/software/hwloc/1.11.3-GCC-5.4.0-2.26/include] ==> [/opt/eb-pkg/ebadmin/software/hwloc/1.11.3-GCC-5.4.0-2.26/include]
  collapse include dir [/opt/eb-pkg/ebadmin/software/numactl/2.0.11-GCC-5.4.0-2.26/include] ==> [/opt/eb-pkg/ebadmin/software/numactl/2.0.11-GCC-5.4.0-2.26/include]
  collapse include dir [/opt/eb-pkg/ebadmin/software/binutils/2.26-GCCcore-5.4.0/include] ==> [/opt/eb-pkg/ebadmin/software/binutils/2.26-GCCcore-5.4.0/include]
  collapse include dir [/opt/eb-pkg/ebadmin/software/GCCcore/5.4.0/lib/gcc/x86_64-unknown-linux-gnu/5.4.0/../../../../include/c++/5.4.0] ==> [/opt/eb-pkg/ebadmin/software/GCCcore/5.4.0/include/c++/5.4.0]
  collapse include dir [/opt/eb-pkg/ebadmin/software/GCCcore/5.4.0/lib/gcc/x86_64-unknown-linux-gnu/5.4.0/../../../../include/c++/5.4.0/x86_64-unknown-linux-gnu] ==> [/opt/eb-pkg/ebadmin/software/GCCcore/5.4.0/include/c++/5.4.0/x86_64-unknown-linux-gnu]
  collapse include dir [/opt/eb-pkg/ebadmin/software/GCCcore/5.4.0/lib/gcc/x86_64-unknown-linux-gnu/5.4.0/../../../../include/c++/5.4.0/backward] ==> [/opt/eb-pkg/ebadmin/software/GCCcore/5.4.0/include/c++/5.4.0/backward]
  collapse include dir [/opt/eb-pkg/ebadmin/software/GCCcore/5.4.0/lib/gcc/x86_64-unknown-linux-gnu/5.4.0/include] ==> [/opt/eb-pkg/ebadmin/software/GCCcore/5.4.0/lib/gcc/x86_64-unknown-linux-gnu/5.4.0/include]
  collapse include dir [/opt/eb-pkg/ebadmin/software/GCCcore/5.4.0/include] ==> [/opt/eb-pkg/ebadmin/software/GCCcore/5.4.0/include]
  collapse include dir [/opt/eb-pkg/ebadmin/software/GCCcore/5.4.0/lib/gcc/x86_64-unknown-linux-gnu/5.4.0/include-fixed] ==> [/opt/eb-pkg/ebadmin/software/GCCcore/5.4.0/lib/gcc/x86_64-unknown-linux-gnu/5.4.0/include-fixed]
  collapse include dir [/usr/include] ==> [/usr/include]
  implicit include dirs: [/opt/eb-pkg/ebadmin/software/expat/2.2.0-foss-2016b/include;/opt/eb-pkg/ebadmin/software/ScaLAPACK/2.0.2-gompi-2016b-OpenBLAS-0.2.18-LAPACK-3.6.1/include;/opt/eb-pkg/ebadmin/software/FFTW/3.3.4-gompi-2016b/include;/opt/eb-pkg/ebadmin/software/OpenBLAS/0.2.18-GCC-5.4.0-2.26-LAPACK-3.6.1/include;/opt/eb-pkg/ebadmin/software/OpenMPI/1.10.3-GCC-5.4.0-2.26/include;/opt/eb-pkg/ebadmin/software/hwloc/1.11.3-GCC-5.4.0-2.26/include;/opt/eb-pkg/ebadmin/software/numactl/2.0.11-GCC-5.4.0-2.26/include;/opt/eb-pkg/ebadmin/software/binutils/2.26-GCCcore-5.4.0/include;/opt/eb-pkg/ebadmin/software/GCCcore/5.4.0/include/c++/5.4.0;/opt/eb-pkg/ebadmin/software/GCCcore/5.4.0/include/c++/5.4.0/x86_64-unknown-linux-gnu;/opt/eb-pkg/ebadmin/software/GCCcore/5.4.0/include/c++/5.4.0/backward;/opt/eb-pkg/ebadmin/software/GCCcore/5.4.0/lib/gcc/x86_64-unknown-linux-gnu/5.4.0/include;/opt/eb-pkg/ebadmin/software/GCCcore/5.4.0/include;/opt/eb-pkg/ebadmin/software/GCCcore/5.4.0/lib/gcc/x86_64-unknown-linux-gnu/5.4.0/include-fixed;/usr/include]


Parsed CXX implicit link information from above output:
  link line regex: [^( *|.*[/\])(ld|CMAKE_LINK_STARTFILE-NOTFOUND|([^/\]+-)?ld|collect2)[^/\]*( |$)]
  ignore line: [Change Dir: /users/ll00145/post_doc/gamma_sims/build/CMakeFiles/CMakeTmp]
  ignore line: []
  ignore line: [Run Build Command(s):/usr/bin/gmake cmTC_26781/fast && /usr/bin/gmake -f CMakeFiles/cmTC_26781.dir/build.make CMakeFiles/cmTC_26781.dir/build]
  ignore line: [gmake[1]: Entering directory `/users/ll00145/post_doc/gamma_sims/build/CMakeFiles/CMakeTmp']
  ignore line: [Building CXX object CMakeFiles/cmTC_26781.dir/CMakeCXXCompilerABI.cpp.o]
  ignore line: [/opt/eb-pkg/ebadmin/software/GCCcore/5.4.0/bin/g++    -v -o CMakeFiles/cmTC_26781.dir/CMakeCXXCompilerABI.cpp.o -c /opt/pkg/apps/geant4/cmake-3.16.5-Linux-x86_64/share/cmake-3.16/Modules/CMakeCXXCompilerABI.cpp]
  ignore line: [Using built-in specs.]
  ignore line: [COLLECT_GCC=/opt/eb-pkg/ebadmin/software/GCCcore/5.4.0/bin/g++]
  ignore line: [Target: x86_64-unknown-linux-gnu]
  ignore line: [Configured with: ../configure --enable-languages=c,c++,fortran --enable-lto --enable-checking=release --disable-multilib --enable-shared=yes --enable-static=yes --enable-threads=posix --enable-gold=default --enable-plugins --enable-ld --with-plugin-ld=ld.gold --prefix=/opt/eb-pkg/ebadmin/software/GCCcore/5.4.0 --with-local-prefix=/opt/eb-pkg/ebadmin/software/GCCcore/5.4.0 --enable-bootstrap --with-isl=/opt/eb-pkg/ebadmin/build/GCCcore/5.4.0/dummy-/gcc-5.4.0/stage2_stuff]
  ignore line: [Thread model: posix]
  ignore line: [gcc version 5.4.0 (GCC) ]
  ignore line: [COLLECT_GCC_OPTIONS='-v' '-o' 'CMakeFiles/cmTC_26781.dir/CMakeCXXCompilerABI.cpp.o' '-c' '-shared-libgcc' '-mtune=generic' '-march=x86-64']
  ignore line: [ /opt/eb-pkg/ebadmin/software/GCCcore/5.4.0/libexec/gcc/x86_64-unknown-linux-gnu/5.4.0/cc1plus -quiet -v -D_GNU_SOURCE /opt/pkg/apps/geant4/cmake-3.16.5-Linux-x86_64/share/cmake-3.16/Modules/CMakeCXXCompilerABI.cpp -quiet -dumpbase CMakeCXXCompilerABI.cpp -mtune=generic -march=x86-64 -auxbase-strip CMakeFiles/cmTC_26781.dir/CMakeCXXCompilerABI.cpp.o -version -o /tmp/cckk8jmC.s]
  ignore line: [GNU C++ (GCC) version 5.4.0 (x86_64-unknown-linux-gnu)]
  ignore line: [	compiled by GNU C version 5.4.0  GMP version 6.1.0  MPFR version 3.1.4-p3  MPC version 1.0.3]
  ignore line: [GGC heuristics: --param ggc-min-expand=100 --param ggc-min-heapsize=131072]
  ignore line: [ignoring nonexistent directory "/opt/eb-pkg/ebadmin/software/GCCcore/5.4.0/lib/gcc/x86_64-unknown-linux-gnu/5.4.0/../../../../x86_64-unknown-linux-gnu/include"]
  ignore line: [ignoring nonexistent directory "/opt/pkg/apps/geant4/10.7/include64"]
  ignore line: [ignoring duplicate directory "/opt/eb-pkg/ebadmin/software/GCCcore/5.4.0/include"]
  ignore line: [  as it is a non-system directory that duplicates a system directory]
  ignore line: [#include "..." search starts here:]
  ignore line: [#include <...> search starts here:]
  ignore line: [ /opt/eb-pkg/ebadmin/software/expat/2.2.0-foss-2016b/include]
  ignore line: [ /opt/eb-pkg/ebadmin/software/ScaLAPACK/2.0.2-gompi-2016b-OpenBLAS-0.2.18-LAPACK-3.6.1/include]
  ignore line: [ /opt/eb-pkg/ebadmin/software/FFTW/3.3.4-gompi-2016b/include]
  ignore line: [ /opt/eb-pkg/ebadmin/software/OpenBLAS/0.2.18-GCC-5.4.0-2.26-LAPACK-3.6.1/include]
  ignore line: [ /opt/eb-pkg/ebadmin/software/OpenMPI/1.10.3-GCC-5.4.0-2.26/include]
  ignore line: [ /opt/eb-pkg/ebadmin/software/hwloc/1.11.3-GCC-5.4.0-2.26/include]
  ignore line: [ /opt/eb-pkg/ebadmin/software/numactl/2.0.11-GCC-5.4.0-2.26/include]
  ignore line: [ /opt/eb-pkg/ebadmin/software/binutils/2.26-GCCcore-5.4.0/include]
  ignore line: [ /opt/eb-pkg/ebadmin/software/GCCcore/5.4.0/lib/gcc/x86_64-unknown-linux-gnu/5.4.0/../../../../include/c++/5.4.0]
  ignore line: [ /opt/eb-pkg/ebadmin/software/GCCcore/5.4.0/lib/gcc/x86_64-unknown-linux-gnu/5.4.0/../../../../include/c++/5.4.0/x86_64-unknown-linux-gnu]
  ignore line: [ /opt/eb-pkg/ebadmin/software/GCCcore/5.4.0/lib/gcc/x86_64-unknown-linux-gnu/5.4.0/../../../../include/c++/5.4.0/backward]
  ignore line: [ /opt/eb-pkg/ebadmin/software/GCCcore/5.4.0/lib/gcc/x86_64-unknown-linux-gnu/5.4.0/include]
  ignore line: [ /opt/eb-pkg/ebadmin/software/GCCcore/5.4.0/include]
  ignore line: [ /opt/eb-pkg/ebadmin/software/GCCcore/5.4.0/lib/gcc/x86_64-unknown-linux-gnu/5.4.0/include-fixed]
  ignore line: [ /usr/include]
  ignore line: [End of search list.]
  ignore line: [GNU C++ (GCC) version 5.4.0 (x86_64-unknown-linux-gnu)]
  ignore line: [	compiled by GNU C version 5.4.0  GMP version 6.1.0  MPFR version 3.1.4-p3  MPC version 1.0.3]
  ignore line: [GGC heuristics: --param ggc-min-expand=100 --param ggc-min-heapsize=131072]
  ignore line: [Compiler executable checksum: c041d130480efde0911055695aecd050]
  ignore line: [COLLECT_GCC_OPTIONS='-v' '-o' 'CMakeFiles/cmTC_26781.dir/CMakeCXXCompilerABI.cpp.o' '-c' '-shared-libgcc' '-mtune=generic' '-march=x86-64']
  ignore line: [ as -v --64 -o CMakeFiles/cmTC_26781.dir/CMakeCXXCompilerABI.cpp.o /tmp/cckk8jmC.s]
  ignore line: [GNU assembler version 2.26 (x86_64-pc-linux-gnu) using BFD version (GNU Binutils) 2.26.20160125]
  ignore line: [COMPILER_PATH=/opt/eb-pkg/ebadmin/software/GCCcore/5.4.0/libexec/gcc/x86_64-unknown-linux-gnu/5.4.0/:/opt/eb-pkg/ebadmin/software/GCCcore/5.4.0/libexec/gcc/x86_64-unknown-linux-gnu/5.4.0/:/opt/eb-pkg/ebadmin/software/GCCcore/5.4.0/libexec/gcc/x86_64-unknown-linux-gnu/:/opt/eb-pkg/ebadmin/software/GCCcore/5.4.0/lib/gcc/x86_64-unknown-linux-gnu/5.4.0/:/opt/eb-pkg/ebadmin/software/GCCcore/5.4.0/lib/gcc/x86_64-unknown-linux-gnu/]
  ignore line: [LIBRARY_PATH=/opt/eb-pkg/ebadmin/software/GCCcore/5.4.0/lib64/../lib64/:/opt/eb-pkg/ebadmin/software/GCCcore/5.4.0/lib/../lib64/:/opt/eb-pkg/ebadmin/software/GCCcore/5.4.0/lib/gcc/x86_64-unknown-linux-gnu/5.4.0/:/opt/eb-pkg/ebadmin/software/GCCcore/5.4.0/lib/gcc/x86_64-unknown-linux-gnu/5.4.0/../../../../lib64/:/lib/../lib64/:/usr/lib/../lib64/:/opt/eb-pkg/ebadmin/software/expat/2.2.0-foss-2016b/lib/:/opt/eb-pkg/ebadmin/software/ScaLAPACK/2.0.2-gompi-2016b-OpenBLAS-0.2.18-LAPACK-3.6.1/lib/:/opt/eb-pkg/ebadmin/software/FFTW/3.3.4-gompi-2016b/lib/:/opt/eb-pkg/ebadmin/software/OpenBLAS/0.2.18-GCC-5.4.0-2.26-LAPACK-3.6.1/lib/:/opt/eb-pkg/ebadmin/software/OpenMPI/1.10.3-GCC-5.4.0-2.26/lib/:/opt/eb-pkg/ebadmin/software/hwloc/1.11.3-GCC-5.4.0-2.26/lib/:/opt/eb-pkg/ebadmin/software/numactl/2.0.11-GCC-5.4.0-2.26/lib/:/opt/eb-pkg/ebadmin/software/binutils/2.26-GCCcore-5.4.0/lib/:/opt/eb-pkg/ebadmin/software/GCCcore/5.4.0/lib64/:/opt/eb-pkg/ebadmin/software/GCCcore/5.4.0/lib/:/opt/eb-pkg/ebadmin/software/GCCcore/5.4.0/lib/gcc/x86_64-unknown-linux-gnu/5.4.0/../../../:/lib/:/usr/lib/]
  ignore line: [COLLECT_GCC_OPTIONS='-v' '-o' 'CMakeFiles/cmTC_26781.dir/CMakeCXXCompilerABI.cpp.o' '-c' '-shared-libgcc' '-mtune=generic' '-march=x86-64']
  ignore line: [Linking CXX executable cmTC_26781]
  ignore line: [/opt/pkg/apps/geant4/cmake-3.16.5-Linux-x86_64/bin/cmake -E cmake_link_script CMakeFiles/cmTC_26781.dir/link.txt --verbose=1]
  ignore line: [/opt/eb-pkg/ebadmin/software/GCCcore/5.4.0/bin/g++      -v CMakeFiles/cmTC_26781.dir/CMakeCXXCompilerABI.cpp.o  -o cmTC_26781 ]
  ignore line: [Using built-in specs.]
  ignore line: [COLLECT_GCC=/opt/eb-pkg/ebadmin/software/GCCcore/5.4.0/bin/g++]
  ignore line: [COLLECT_LTO_WRAPPER=/opt/eb-pkg/ebadmin/software/GCCcore/5.4.0/libexec/gcc/x86_64-unknown-linux-gnu/5.4.0/lto-wrapper]
  ignore line: [Target: x86_64-unknown-linux-gnu]
  ignore line: [Configured with: ../configure --enable-languages=c,c++,fortran --enable-lto --enable-checking=release --disable-multilib --enable-shared=yes --enable-static=yes --enable-threads=posix --enable-gold=default --enable-plugins --enable-ld --with-plugin-ld=ld.gold --prefix=/opt/eb-pkg/ebadmin/software/GCCcore/5.4.0 --with-local-prefix=/opt/eb-pkg/ebadmin/software/GCCcore/5.4.0 --enable-bootstrap --with-isl=/opt/eb-pkg/ebadmin/build/GCCcore/5.4.0/dummy-/gcc-5.4.0/stage2_stuff]
  ignore line: [Thread model: posix]
  ignore line: [gcc version 5.4.0 (GCC) ]
  ignore line: [COMPILER_PATH=/opt/eb-pkg/ebadmin/software/GCCcore/5.4.0/libexec/gcc/x86_64-unknown-linux-gnu/5.4.0/:/opt/eb-pkg/ebadmin/software/GCCcore/5.4.0/libexec/gcc/x86_64-unknown-linux-gnu/5.4.0/:/opt/eb-pkg/ebadmin/software/GCCcore/5.4.0/libexec/gcc/x86_64-unknown-linux-gnu/:/opt/eb-pkg/ebadmin/software/GCCcore/5.4.0/lib/gcc/x86_64-unknown-linux-gnu/5.4.0/:/opt/eb-pkg/ebadmin/software/GCCcore/5.4.0/lib/gcc/x86_64-unknown-linux-gnu/]
  ignore line: [LIBRARY_PATH=/opt/eb-pkg/ebadmin/software/GCCcore/5.4.0/lib64/../lib64/:/opt/eb-pkg/ebadmin/software/GCCcore/5.4.0/lib/../lib64/:/opt/eb-pkg/ebadmin/software/GCCcore/5.4.0/lib/gcc/x86_64-unknown-linux-gnu/5.4.0/:/opt/eb-pkg/ebadmin/software/GCCcore/5.4.0/lib/gcc/x86_64-unknown-linux-gnu/5.4.0/../../../../lib64/:/lib/../lib64/:/usr/lib/../lib64/:/opt/eb-pkg/ebadmin/software/expat/2.2.0-foss-2016b/lib/:/opt/eb-pkg/ebadmin/software/ScaLAPACK/2.0.2-gompi-2016b-OpenBLAS-0.2.18-LAPACK-3.6.1/lib/:/opt/eb-pkg/ebadmin/software/FFTW/3.3.4-gompi-2016b/lib/:/opt/eb-pkg/ebadmin/software/OpenBLAS/0.2.18-GCC-5.4.0-2.26-LAPACK-3.6.1/lib/:/opt/eb-pkg/ebadmin/software/OpenMPI/1.10.3-GCC-5.4.0-2.26/lib/:/opt/eb-pkg/ebadmin/software/hwloc/1.11.3-GCC-5.4.0-2.26/lib/:/opt/eb-pkg/ebadmin/software/numactl/2.0.11-GCC-5.4.0-2.26/lib/:/opt/eb-pkg/ebadmin/software/binutils/2.26-GCCcore-5.4.0/lib/:/opt/eb-pkg/ebadmin/software/GCCcore/5.4.0/lib64/:/opt/eb-pkg/ebadmin/software/GCCcore/5.4.0/lib/:/opt/eb-pkg/ebadmin/software/GCCcore/5.4.0/lib/gcc/x86_64-unknown-linux-gnu/5.4.0/../../../:/lib/:/usr/lib/]
  ignore line: [COLLECT_GCC_OPTIONS='-v' '-o' 'cmTC_26781' '-shared-libgcc' '-mtune=generic' '-march=x86-64']
  link line: [ /opt/eb-pkg/ebadmin/software/GCCcore/5.4.0/libexec/gcc/x86_64-unknown-linux-gnu/5.4.0/collect2 -plugin /opt/eb-pkg/ebadmin/software/GCCcore/5.4.0/libexec/gcc/x86_64-unknown-linux-gnu/5.4.0/liblto_plugin.so -plugin-opt=/opt/eb-pkg/ebadmin/software/GCCcore/5.4.0/libexec/gcc/x86_64-unknown-linux-gnu/5.4.0/lto-wrapper -plugin-opt=-fresolution=/tmp/ccptLWtF.res -plugin-opt=-pass-through=-lgcc_s -plugin-opt=-pass-through=-lgcc -plugin-opt=-pass-through=-lc -plugin-opt=-pass-through=-lgcc_s -plugin-opt=-pass-through=-lgcc --eh-frame-hdr -m elf_x86_64 -dynamic-linker /lib64/ld-linux-x86-64.so.2 -o cmTC_26781 /lib/../lib64/crt1.o /lib/../lib64/crti.o /opt/eb-pkg/ebadmin/software/GCCcore/5.4.0/lib/gcc/x86_64-unknown-linux-gnu/5.4.0/crtbegin.o -L/opt/eb-pkg/ebadmin/software/GCCcore/5.4.0/lib64/../lib64 -L/opt/eb-pkg/ebadmin/software/GCCcore/5.4.0/lib/../lib64 -L/opt/eb-pkg/ebadmin/software/GCCcore/5.4.0/lib/gcc/x86_64-unknown-linux-gnu/5.4.0 -L/opt/eb-pkg/ebadmin/software/GCCcore/5.4.0/lib/gcc/x86_64-unknown-linux-gnu/5.4.0/../../../../lib64 -L/lib/../lib64 -L/usr/lib/../lib64 -L/opt/eb-pkg/ebadmin/software/expat/2.2.0-foss-2016b/lib -L/opt/eb-pkg/ebadmin/software/ScaLAPACK/2.0.2-gompi-2016b-OpenBLAS-0.2.18-LAPACK-3.6.1/lib -L/opt/eb-pkg/ebadmin/software/FFTW/3.3.4-gompi-2016b/lib -L/opt/eb-pkg/ebadmin/software/OpenBLAS/0.2.18-GCC-5.4.0-2.26-LAPACK-3.6.1/lib -L/opt/eb-pkg/ebadmin/software/OpenMPI/1.10.3-GCC-5.4.0-2.26/lib -L/opt/eb-pkg/ebadmin/software/hwloc/1.11.3-GCC-5.4.0-2.26/lib -L/opt/eb-pkg/ebadmin/software/numactl/2.0.11-GCC-5.4.0-2.26/lib -L/opt/eb-pkg/ebadmin/software/binutils/2.26-GCCcore-5.4.0/lib -L/opt/eb-pkg/ebadmin/software/GCCcore/5.4.0/lib64 -L/opt/eb-pkg/ebadmin/software/GCCcore/5.4.0/lib -L/opt/eb-pkg/ebadmin/software/GCCcore/5.4.0/lib/gcc/x86_64-unknown-linux-gnu/5.4.0/../../.. CMakeFiles/cmTC_26781.dir/CMakeCXXCompilerABI.cpp.o -lstdc++ -lm -lgcc_s -lgcc -lc -lgcc_s -lgcc /opt/eb-pkg/ebadmin/software/GCCcore/5.4.0/lib/gcc/x86_64-unknown-linux-gnu/5.4.0/crtend.o /lib/../lib64/crtn.o]
    arg [/opt/eb-pkg/ebadmin/software/GCCcore/5.4.0/libexec/gcc/x86_64-unknown-linux-gnu/5.4.0/collect2] ==> ignore
    arg [-plugin] ==> ignore
    arg [/opt/eb-pkg/ebadmin/software/GCCcore/5.4.0/libexec/gcc/x86_64-unknown-linux-gnu/5.4.0/liblto_plugin.so] ==> ignore
    arg [-plugin-opt=/opt/eb-pkg/ebadmin/software/GCCcore/5.4.0/libexec/gcc/x86_64-unknown-linux-gnu/5.4.0/lto-wrapper] ==> ignore
    arg [-plugin-opt=-fresolution=/tmp/ccptLWtF.res] ==> ignore
    arg [-plugin-opt=-pass-through=-lgcc_s] ==> ignore
    arg [-plugin-opt=-pass-through=-lgcc] ==> ignore
    arg [-plugin-opt=-pass-through=-lc] ==> ignore
    arg [-plugin-opt=-pass-through=-lgcc_s] ==> ignore
    arg [-plugin-opt=-pass-through=-lgcc] ==> ignore
    arg [--eh-frame-hdr] ==> ignore
    arg [-m] ==> ignore
    arg [elf_x86_64] ==> ignore
    arg [-dynamic-linker] ==> ignore
    arg [/lib64/ld-linux-x86-64.so.2] ==> ignore
    arg [-o] ==> ignore
    arg [cmTC_26781] ==> ignore
    arg [/lib/../lib64/crt1.o] ==> ignore
    arg [/lib/../lib64/crti.o] ==> ignore
    arg [/opt/eb-pkg/ebadmin/software/GCCcore/5.4.0/lib/gcc/x86_64-unknown-linux-gnu/5.4.0/crtbegin.o] ==> ignore
    arg [-L/opt/eb-pkg/ebadmin/software/GCCcore/5.4.0/lib64/../lib64] ==> dir [/opt/eb-pkg/ebadmin/software/GCCcore/5.4.0/lib64/../lib64]
    arg [-L/opt/eb-pkg/ebadmin/software/GCCcore/5.4.0/lib/../lib64] ==> dir [/opt/eb-pkg/ebadmin/software/GCCcore/5.4.0/lib/../lib64]
    arg [-L/opt/eb-pkg/ebadmin/software/GCCcore/5.4.0/lib/gcc/x86_64-unknown-linux-gnu/5.4.0] ==> dir [/opt/eb-pkg/ebadmin/software/GCCcore/5.4.0/lib/gcc/x86_64-unknown-linux-gnu/5.4.0]
    arg [-L/opt/eb-pkg/ebadmin/software/GCCcore/5.4.0/lib/gcc/x86_64-unknown-linux-gnu/5.4.0/../../../../lib64] ==> dir [/opt/eb-pkg/ebadmin/software/GCCcore/5.4.0/lib/gcc/x86_64-unknown-linux-gnu/5.4.0/../../../../lib64]
    arg [-L/lib/../lib64] ==> dir [/lib/../lib64]
    arg [-L/usr/lib/../lib64] ==> dir [/usr/lib/../lib64]
    arg [-L/opt/eb-pkg/ebadmin/software/expat/2.2.0-foss-2016b/lib] ==> dir [/opt/eb-pkg/ebadmin/software/expat/2.2.0-foss-2016b/lib]
    arg [-L/opt/eb-pkg/ebadmin/software/ScaLAPACK/2.0.2-gompi-2016b-OpenBLAS-0.2.18-LAPACK-3.6.1/lib] ==> dir [/opt/eb-pkg/ebadmin/software/ScaLAPACK/2.0.2-gompi-2016b-OpenBLAS-0.2.18-LAPACK-3.6.1/lib]
    arg [-L/opt/eb-pkg/ebadmin/software/FFTW/3.3.4-gompi-2016b/lib] ==> dir [/opt/eb-pkg/ebadmin/software/FFTW/3.3.4-gompi-2016b/lib]
    arg [-L/opt/eb-pkg/ebadmin/software/OpenBLAS/0.2.18-GCC-5.4.0-2.26-LAPACK-3.6.1/lib] ==> dir [/opt/eb-pkg/ebadmin/software/OpenBLAS/0.2.18-GCC-5.4.0-2.26-LAPACK-3.6.1/lib]
    arg [-L/opt/eb-pkg/ebadmin/software/OpenMPI/1.10.3-GCC-5.4.0-2.26/lib] ==> dir [/opt/eb-pkg/ebadmin/software/OpenMPI/1.10.3-GCC-5.4.0-2.26/lib]
    arg [-L/opt/eb-pkg/ebadmin/software/hwloc/1.11.3-GCC-5.4.0-2.26/lib] ==> dir [/opt/eb-pkg/ebadmin/software/hwloc/1.11.3-GCC-5.4.0-2.26/lib]
    arg [-L/opt/eb-pkg/ebadmin/software/numactl/2.0.11-GCC-5.4.0-2.26/lib] ==> dir [/opt/eb-pkg/ebadmin/software/numactl/2.0.11-GCC-5.4.0-2.26/lib]
    arg [-L/opt/eb-pkg/ebadmin/software/binutils/2.26-GCCcore-5.4.0/lib] ==> dir [/opt/eb-pkg/ebadmin/software/binutils/2.26-GCCcore-5.4.0/lib]
    arg [-L/opt/eb-pkg/ebadmin/software/GCCcore/5.4.0/lib64] ==> dir [/opt/eb-pkg/ebadmin/software/GCCcore/5.4.0/lib64]
    arg [-L/opt/eb-pkg/ebadmin/software/GCCcore/5.4.0/lib] ==> dir [/opt/eb-pkg/ebadmin/software/GCCcore/5.4.0/lib]
    arg [-L/opt/eb-pkg/ebadmin/software/GCCcore/5.4.0/lib/gcc/x86_64-unknown-linux-gnu/5.4.0/../../..] ==> dir [/opt/eb-pkg/ebadmin/software/GCCcore/5.4.0/lib/gcc/x86_64-unknown-linux-gnu/5.4.0/../../..]
    arg [CMakeFiles/cmTC_26781.dir/CMakeCXXCompilerABI.cpp.o] ==> ignore
    arg [-lstdc++] ==> lib [stdc++]
    arg [-lm] ==> lib [m]
    arg [-lgcc_s] ==> lib [gcc_s]
    arg [-lgcc] ==> lib [gcc]
    arg [-lc] ==> lib [c]
    arg [-lgcc_s] ==> lib [gcc_s]
    arg [-lgcc] ==> lib [gcc]
    arg [/opt/eb-pkg/ebadmin/software/GCCcore/5.4.0/lib/gcc/x86_64-unknown-linux-gnu/5.4.0/crtend.o] ==> ignore
    arg [/lib/../lib64/crtn.o] ==> ignore
  collapse library dir [/opt/eb-pkg/ebadmin/software/GCCcore/5.4.0/lib64/../lib64] ==> [/opt/eb-pkg/ebadmin/software/GCCcore/5.4.0/lib64]
  collapse library dir [/opt/eb-pkg/ebadmin/software/GCCcore/5.4.0/lib/../lib64] ==> [/opt/eb-pkg/ebadmin/software/GCCcore/5.4.0/lib64]
  collapse library dir [/opt/eb-pkg/ebadmin/software/GCCcore/5.4.0/lib/gcc/x86_64-unknown-linux-gnu/5.4.0] ==> [/opt/eb-pkg/ebadmin/software/GCCcore/5.4.0/lib/gcc/x86_64-unknown-linux-gnu/5.4.0]
  collapse library dir [/opt/eb-pkg/ebadmin/software/GCCcore/5.4.0/lib/gcc/x86_64-unknown-linux-gnu/5.4.0/../../../../lib64] ==> [/opt/eb-pkg/ebadmin/software/GCCcore/5.4.0/lib64]
  collapse library dir [/lib/../lib64] ==> [/lib64]
  collapse library dir [/usr/lib/../lib64] ==> [/usr/lib64]
  collapse library dir [/opt/eb-pkg/ebadmin/software/expat/2.2.0-foss-2016b/lib] ==> [/opt/eb-pkg/ebadmin/software/expat/2.2.0-foss-2016b/lib]
  collapse library dir [/opt/eb-pkg/ebadmin/software/ScaLAPACK/2.0.2-gompi-2016b-OpenBLAS-0.2.18-LAPACK-3.6.1/lib] ==> [/opt/eb-pkg/ebadmin/software/ScaLAPACK/2.0.2-gompi-2016b-OpenBLAS-0.2.18-LAPACK-3.6.1/lib]
  collapse library dir [/opt/eb-pkg/ebadmin/software/FFTW/3.3.4-gompi-2016b/lib] ==> [/opt/eb-pkg/ebadmin/software/FFTW/3.3.4-gompi-2016b/lib]
  collapse library dir [/opt/eb-pkg/ebadmin/software/OpenBLAS/0.2.18-GCC-5.4.0-2.26-LAPACK-3.6.1/lib] ==> [/opt/eb-pkg/ebadmin/software/OpenBLAS/0.2.18-GCC-5.4.0-2.26-LAPACK-3.6.1/lib]
  collapse library dir [/opt/eb-pkg/ebadmin/software/OpenMPI/1.10.3-GCC-5.4.0-2.26/lib] ==> [/opt/eb-pkg/ebadmin/software/OpenMPI/1.10.3-GCC-5.4.0-2.26/lib]
  collapse library dir [/opt/eb-pkg/ebadmin/software/hwloc/1.11.3-GCC-5.4.0-2.26/lib] ==> [/opt/eb-pkg/ebadmin/software/hwloc/1.11.3-GCC-5.4.0-2.26/lib]
  collapse library dir [/opt/eb-pkg/ebadmin/software/numactl/2.0.11-GCC-5.4.0-2.26/lib] ==> [/opt/eb-pkg/ebadmin/software/numactl/2.0.11-GCC-5.4.0-2.26/lib]
  collapse library dir [/opt/eb-pkg/ebadmin/software/binutils/2.26-GCCcore-5.4.0/lib] ==> [/opt/eb-pkg/ebadmin/software/binutils/2.26-GCCcore-5.4.0/lib]
  collapse library dir [/opt/eb-pkg/ebadmin/software/GCCcore/5.4.0/lib64] ==> [/opt/eb-pkg/ebadmin/software/GCCcore/5.4.0/lib64]
  collapse library dir [/opt/eb-pkg/ebadmin/software/GCCcore/5.4.0/lib] ==> [/opt/eb-pkg/ebadmin/software/GCCcore/5.4.0/lib]
  collapse library dir [/opt/eb-pkg/ebadmin/software/GCCcore/5.4.0/lib/gcc/x86_64-unknown-linux-gnu/5.4.0/../../..] ==> [/opt/eb-pkg/ebadmin/software/GCCcore/5.4.0/lib]
  implicit libs: [stdc++;m;gcc_s;gcc;c;gcc_s;gcc]
  implicit dirs: [/opt/eb-pkg/ebadmin/software/GCCcore/5.4.0/lib64;/opt/eb-pkg/ebadmin/software/GCCcore/5.4.0/lib/gcc/x86_64-unknown-linux-gnu/5.4.0;/lib64;/usr/lib64;/opt/eb-pkg/ebadmin/software/expat/2.2.0-foss-2016b/lib;/opt/eb-pkg/ebadmin/software/ScaLAPACK/2.0.2-gompi-2016b-OpenBLAS-0.2.18-LAPACK-3.6.1/lib;/opt/eb-pkg/ebadmin/software/FFTW/3.3.4-gompi-2016b/lib;/opt/eb-pkg/ebadmin/software/OpenBLAS/0.2.18-GCC-5.4.0-2.26-LAPACK-3.6.1/lib;/opt/eb-pkg/ebadmin/software/OpenMPI/1.10.3-GCC-5.4.0-2.26/lib;/opt/eb-pkg/ebadmin/software/hwloc/1.11.3-GCC-5.4.0-2.26/lib;/opt/eb-pkg/ebadmin/software/numactl/2.0.11-GCC-5.4.0-2.26/lib;/opt/eb-pkg/ebadmin/software/binutils/2.26-GCCcore-5.4.0/lib;/opt/eb-pkg/ebadmin/software/GCCcore/5.4.0/lib]
  implicit fwks: []


Determining if the include file pthread.h exists passed with the following output:
Change Dir: /users/ll00145/post_doc/gamma_sims/build/CMakeFiles/CMakeTmp

Run Build Command(s):/usr/bin/gmake cmTC_21ec2/fast && /usr/bin/gmake -f CMakeFiles/cmTC_21ec2.dir/build.make CMakeFiles/cmTC_21ec2.dir/build
gmake[1]: Entering directory `/users/ll00145/post_doc/gamma_sims/build/CMakeFiles/CMakeTmp'
Building C object CMakeFiles/cmTC_21ec2.dir/CheckIncludeFile.c.o
/opt/eb-pkg/ebadmin/software/GCCcore/5.4.0/bin/gcc    -o CMakeFiles/cmTC_21ec2.dir/CheckIncludeFile.c.o   -c /users/ll00145/post_doc/gamma_sims/build/CMakeFiles/CMakeTmp/CheckIncludeFile.c
Linking C executable cmTC_21ec2
/opt/pkg/apps/geant4/cmake-3.16.5-Linux-x86_64/bin/cmake -E cmake_link_script CMakeFiles/cmTC_21ec2.dir/link.txt --verbose=1
/opt/eb-pkg/ebadmin/software/GCCcore/5.4.0/bin/gcc      CMakeFiles/cmTC_21ec2.dir/CheckIncludeFile.c.o  -o cmTC_21ec2 
gmake[1]: Leaving directory `/users/ll00145/post_doc/gamma_sims/build/CMakeFiles/CMakeTmp'



